2020-06-28 18:53:57 INFO  AppiumManager:56 - Appium Services Started
2020-06-28 18:53:58 INFO  AppiumManager:95 - Platform Name is android
2020-06-28 18:53:58 INFO  AppiumManager:97 - UDID is 86S7N18514000757
2020-06-28 18:53:58 INFO  AppiumManager:99 - Device Name is Test Device
2020-06-28 18:53:58 INFO  AppiumManager:101 - No Rest is set totrue
2020-06-28 18:53:58 INFO  AppiumManager:104 - Automation Name is UIAutomator2
2020-06-28 18:53:58 INFO  AppiumManager:106 - App path is set to /Users/ssri0005/Automation/MobileAutomationFramework/amazon_app_test/app_Binary/Amazon_shopping.apk
2020-06-28 18:53:58 INFO  AppiumManager:108 - Launch time is set to 10000
2020-06-28 18:53:58 INFO  AppiumManager:110 - App wait is set to 10000
2020-06-28 18:53:58 INFO  AppiumManager:112 - APP wait Activity is  com.amazon.mShop.sso.SigninPromptActivity
2020-06-28 18:53:58 INFO  AppiumManager:41 - Android Capabilities Obtained
2020-06-28 18:54:11 INFO  AppiumManager:65 - Android Driver Started
2020-06-28 18:54:34 INFO  AppiumManager:89 - Drivers Stopped
2020-08-13 15:52:46 INFO  AppiumManager:67 - Appium Services Started
2020-08-13 15:52:46 INFO  AppiumManager:118 - Platform Name is android
2020-08-13 15:52:46 INFO  AppiumManager:120 - UDID is 3d70ce67
2020-08-13 15:52:46 INFO  AppiumManager:122 - Device Name is Test Device
2020-08-13 15:52:46 INFO  AppiumManager:124 - No Rest is set totrue
2020-08-13 15:52:46 INFO  AppiumManager:127 - Automation Name is UIAutomator2
2020-08-13 15:52:46 INFO  AppiumManager:129 - App path is set to /Users/ssri0005/Automation/MobileAutomationFramework/amazon_app_test/src/main/resources/Amazon_shopping.apk
2020-08-13 15:52:46 INFO  AppiumManager:131 - Launch time is set to 10000
2020-08-13 15:52:46 INFO  AppiumManager:133 - App wait is set to 10000
2020-08-13 15:52:46 INFO  AppiumManager:135 - APP wait Activity is  com.amazon.mShop.sso.SigninPromptActivity
2020-08-13 15:52:46 INFO  AppiumManager:49 - Android Capabilities Obtained
2020-08-13 15:53:43 INFO  AppiumManager:67 - Appium Services Started
2020-08-13 15:53:43 INFO  AppiumManager:118 - Platform Name is android
2020-08-13 15:53:43 INFO  AppiumManager:120 - UDID is 3d70ce67
2020-08-13 15:53:43 INFO  AppiumManager:122 - Device Name is Test Device
2020-08-13 15:53:43 INFO  AppiumManager:124 - No Rest is set totrue
2020-08-13 15:53:43 INFO  AppiumManager:127 - Automation Name is UIAutomator2
2020-08-13 15:53:43 INFO  AppiumManager:129 - App path is set to /Users/ssri0005/Automation/MobileAutomationFramework/amazon_app_test/src/main/resources/Amazon_shopping.apk
2020-08-13 15:53:43 INFO  AppiumManager:131 - Launch time is set to 10000
2020-08-13 15:53:43 INFO  AppiumManager:133 - App wait is set to 10000
2020-08-13 15:53:43 INFO  AppiumManager:135 - APP wait Activity is  com.amazon.mShop.sso.SigninPromptActivity
2020-08-13 15:53:43 INFO  AppiumManager:49 - Android Capabilities Obtained
2020-08-13 15:53:52 ERROR AppiumManager:89 - Server Not Started
org.openqa.selenium.SessionNotCreatedException: Unable to create a new remote session. Please check the server log for more details. Original error: An unknown server-side error occurred while processing the command. Original error: Error executing adbExec. Original error: 'Command '/Users/ssri0005/Library/Android/sdk/platform-tools/adb -P 5037 -s 3d70ce67 install -g /Users/ssri0005/Automation/MobileAutomationFramework/amazon_app_test/src/main/resources/Amazon_shopping.apk' exited with code 1'; Stderr: 'adb: failed to install /Users/ssri0005/Automation/MobileAutomationFramework/amazon_app_test/src/main/resources/Amazon_shopping.apk: Failure [INSTALL_FAILED_DUPLICATE_PERMISSION: Package com.amazon.mShop.android.shopping attempting to redeclare permission com.amazon.CONTENT_PROVIDER_ACCESS already owned by in.amazon.mShop.android.shopping]'; Code: '1'
Build info: version: '4.0.0-alpha-1', revision: 'd1d3728cae', time: '2019-04-24T13:42:21'
System info: host: 'IN-C02Y21AMJG5J', ip: 'fd01:0:0:0:114c:36ca:76f2:8a88%en0', os.name: 'Mac OS X', os.arch: 'x86_64', os.version: '10.15.6', java.version: '1.8.0_212'
Driver info: driver.version: AndroidDriver
remote stacktrace: UnknownError: An unknown server-side error occurred while processing the command. Original error: Error executing adbExec. Original error: 'Command '/Users/ssri0005/Library/Android/sdk/platform-tools/adb -P 5037 -s 3d70ce67 install -g /Users/ssri0005/Automation/MobileAutomationFramework/amazon_app_test/src/main/resources/Amazon_shopping.apk' exited with code 1'; Stderr: 'adb: failed to install /Users/ssri0005/Automation/MobileAutomationFramework/amazon_app_test/src/main/resources/Amazon_shopping.apk: Failure [INSTALL_FAILED_DUPLICATE_PERMISSION: Package com.amazon.mShop.android.shopping attempting to redeclare permission com.amazon.CONTENT_PROVIDER_ACCESS already owned by in.amazon.mShop.android.shopping]'; Code: '1'
    at getResponseForW3CError (/usr/local/lib/node_modules/appium/node_modules/appium-base-driver/lib/protocol/errors.js:804:9)
    at asyncHandler (/usr/local/lib/node_modules/appium/node_modules/appium-base-driver/lib/protocol/protocol.js:392:37)
Build info: version: '4.0.0-alpha-1', revision: 'd1d3728cae', time: '2019-04-24T13:42:21'
System info: host: 'IN-C02Y21AMJG5J', ip: 'fd01:0:0:0:114c:36ca:76f2:8a88%en0', os.name: 'Mac OS X', os.arch: 'x86_64', os.version: '10.15.6', java.version: '1.8.0_212'
Driver info: driver.version: AndroidDriver
	at io.appium.java_client.remote.AppiumCommandExecutor$1.createSession(AppiumCommandExecutor.java:208)
	at io.appium.java_client.remote.AppiumCommandExecutor.createSession(AppiumCommandExecutor.java:217)
	at io.appium.java_client.remote.AppiumCommandExecutor.execute(AppiumCommandExecutor.java:239)
	at org.openqa.selenium.remote.RemoteWebDriver.execute(RemoteWebDriver.java:577)
	at org.openqa.selenium.remote.RemoteWebDriver.startSession(RemoteWebDriver.java:211)
	at io.appium.java_client.AppiumDriver.startSession(AppiumDriver.java:323)
	at org.openqa.selenium.remote.RemoteWebDriver.<init>(RemoteWebDriver.java:131)
	at io.appium.java_client.DefaultGenericMobileDriver.<init>(DefaultGenericMobileDriver.java:37)
	at io.appium.java_client.AppiumDriver.<init>(AppiumDriver.java:86)
	at io.appium.java_client.AppiumDriver.<init>(AppiumDriver.java:96)
	at io.appium.java_client.android.AndroidDriver.<init>(AndroidDriver.java:94)
	at common.AppiumManager.startDriver(AppiumManager.java:78)
	at common.AppiumManager.intializeAppium(AppiumManager.java:161)
	at com.amazon.test.BaseTestClass.startTest(BaseTestClass.java:15)
	at sun.reflect.NativeMethodAccessorImpl.invoke0(Native Method)
	at sun.reflect.NativeMethodAccessorImpl.invoke(NativeMethodAccessorImpl.java:62)
	at sun.reflect.DelegatingMethodAccessorImpl.invoke(DelegatingMethodAccessorImpl.java:43)
	at java.lang.reflect.Method.invoke(Method.java:498)
	at org.testng.internal.MethodInvocationHelper.invokeMethod(MethodInvocationHelper.java:124)
	at org.testng.internal.MethodInvocationHelper.invokeMethodConsideringTimeout(MethodInvocationHelper.java:59)
	at org.testng.internal.Invoker.invokeConfigurationMethod(Invoker.java:451)
	at org.testng.internal.Invoker.invokeConfigurations(Invoker.java:222)
	at org.testng.internal.Invoker.invokeConfigurations(Invoker.java:142)
	at org.testng.SuiteRunner.privateRun(SuiteRunner.java:401)
	at org.testng.SuiteRunner.run(SuiteRunner.java:364)
	at org.testng.SuiteRunnerWorker.runSuite(SuiteRunnerWorker.java:52)
	at org.testng.SuiteRunnerWorker.run(SuiteRunnerWorker.java:84)
	at org.testng.TestNG.runSuitesSequentially(TestNG.java:1187)
	at org.testng.TestNG.runSuitesLocally(TestNG.java:1116)
	at org.testng.TestNG.runSuites(TestNG.java:1028)
	at org.testng.TestNG.run(TestNG.java:996)
	at com.intellij.rt.testng.IDEARemoteTestNG.run(IDEARemoteTestNG.java:66)
	at com.intellij.rt.testng.RemoteTestNGStarter.main(RemoteTestNGStarter.java:110)
Caused by: java.lang.reflect.InvocationTargetException
	at sun.reflect.NativeMethodAccessorImpl.invoke0(Native Method)
	at sun.reflect.NativeMethodAccessorImpl.invoke(NativeMethodAccessorImpl.java:62)
	at sun.reflect.DelegatingMethodAccessorImpl.invoke(DelegatingMethodAccessorImpl.java:43)
	at java.lang.reflect.Method.invoke(Method.java:498)
	at io.appium.java_client.remote.AppiumCommandExecutor$1.createSession(AppiumCommandExecutor.java:186)
	... 32 more
Caused by: org.openqa.selenium.WebDriverException: An unknown server-side error occurred while processing the command. Original error: Error executing adbExec. Original error: 'Command '/Users/ssri0005/Library/Android/sdk/platform-tools/adb -P 5037 -s 3d70ce67 install -g /Users/ssri0005/Automation/MobileAutomationFramework/amazon_app_test/src/main/resources/Amazon_shopping.apk' exited with code 1'; Stderr: 'adb: failed to install /Users/ssri0005/Automation/MobileAutomationFramework/amazon_app_test/src/main/resources/Amazon_shopping.apk: Failure [INSTALL_FAILED_DUPLICATE_PERMISSION: Package com.amazon.mShop.android.shopping attempting to redeclare permission com.amazon.CONTENT_PROVIDER_ACCESS already owned by in.amazon.mShop.android.shopping]'; Code: '1'
Build info: version: '4.0.0-alpha-1', revision: 'd1d3728cae', time: '2019-04-24T13:42:21'
System info: host: 'IN-C02Y21AMJG5J', ip: 'fd01:0:0:0:114c:36ca:76f2:8a88%en0', os.name: 'Mac OS X', os.arch: 'x86_64', os.version: '10.15.6', java.version: '1.8.0_212'
Driver info: driver.version: AndroidDriver
remote stacktrace: UnknownError: An unknown server-side error occurred while processing the command. Original error: Error executing adbExec. Original error: 'Command '/Users/ssri0005/Library/Android/sdk/platform-tools/adb -P 5037 -s 3d70ce67 install -g /Users/ssri0005/Automation/MobileAutomationFramework/amazon_app_test/src/main/resources/Amazon_shopping.apk' exited with code 1'; Stderr: 'adb: failed to install /Users/ssri0005/Automation/MobileAutomationFramework/amazon_app_test/src/main/resources/Amazon_shopping.apk: Failure [INSTALL_FAILED_DUPLICATE_PERMISSION: Package com.amazon.mShop.android.shopping attempting to redeclare permission com.amazon.CONTENT_PROVIDER_ACCESS already owned by in.amazon.mShop.android.shopping]'; Code: '1'
    at getResponseForW3CError (/usr/local/lib/node_modules/appium/node_modules/appium-base-driver/lib/protocol/errors.js:804:9)
    at asyncHandler (/usr/local/lib/node_modules/appium/node_modules/appium-base-driver/lib/protocol/protocol.js:392:37)
	at sun.reflect.NativeConstructorAccessorImpl.newInstance0(Native Method)
	at sun.reflect.NativeConstructorAccessorImpl.newInstance(NativeConstructorAccessorImpl.java:62)
	at sun.reflect.DelegatingConstructorAccessorImpl.newInstance(DelegatingConstructorAccessorImpl.java:45)
	at java.lang.reflect.Constructor.newInstance(Constructor.java:423)
	at org.openqa.selenium.remote.W3CHandshakeResponse.lambda$errorHandler$0(W3CHandshakeResponse.java:62)
	at org.openqa.selenium.remote.HandshakeResponse.lambda$getResponseFunction$0(HandshakeResponse.java:30)
	at org.openqa.selenium.remote.ProtocolHandshake.lambda$createSession$0(ProtocolHandshake.java:126)
	at java.util.stream.ReferencePipeline$3$1.accept(ReferencePipeline.java:193)
	at java.util.Spliterators$ArraySpliterator.tryAdvance(Spliterators.java:958)
	at java.util.stream.ReferencePipeline.forEachWithCancel(ReferencePipeline.java:126)
	at java.util.stream.AbstractPipeline.copyIntoWithCancel(AbstractPipeline.java:499)
	at java.util.stream.AbstractPipeline.copyInto(AbstractPipeline.java:486)
	at java.util.stream.AbstractPipeline.wrapAndCopyInto(AbstractPipeline.java:472)
	at java.util.stream.FindOps$FindOp.evaluateSequential(FindOps.java:152)
	at java.util.stream.AbstractPipeline.evaluate(AbstractPipeline.java:234)
	at java.util.stream.ReferencePipeline.findFirst(ReferencePipeline.java:464)
	at org.openqa.selenium.remote.ProtocolHandshake.createSession(ProtocolHandshake.java:128)
	... 37 more
2020-08-13 15:53:52 INFO  AppiumManager:109 - Drivers Stopped
2020-08-13 15:55:23 INFO  AppiumManager:67 - Appium Services Started
2020-08-13 15:55:23 INFO  AppiumManager:118 - Platform Name is android
2020-08-13 15:55:23 INFO  AppiumManager:120 - UDID is 3d70ce67
2020-08-13 15:55:23 INFO  AppiumManager:122 - Device Name is Test Device
2020-08-13 15:55:23 INFO  AppiumManager:124 - No Rest is set totrue
2020-08-13 15:55:23 INFO  AppiumManager:127 - Automation Name is UIAutomator2
2020-08-13 15:55:23 INFO  AppiumManager:131 - Launch time is set to 10000
2020-08-13 15:55:23 INFO  AppiumManager:133 - App wait is set to 10000
2020-08-13 15:55:23 INFO  AppiumManager:135 - APP wait Activity is  com.amazon.mShop.sso.SigninPromptActivity
2020-08-13 15:55:23 INFO  AppiumManager:49 - Android Capabilities Obtained
2020-08-13 15:55:29 INFO  AppiumManager:79 - Android Driver Started
2020-08-13 15:55:50 INFO  AppiumManager:109 - Drivers Stopped
2020-08-13 15:56:14 INFO  AppiumManager:67 - Appium Services Started
2020-08-13 15:56:14 INFO  AppiumManager:118 - Platform Name is android
2020-08-13 15:56:14 INFO  AppiumManager:120 - UDID is 3d70ce67
2020-08-13 15:56:14 INFO  AppiumManager:122 - Device Name is Test Device
2020-08-13 15:56:14 INFO  AppiumManager:124 - No Rest is set totrue
2020-08-13 15:56:14 INFO  AppiumManager:127 - Automation Name is UIAutomator2
2020-08-13 15:56:14 INFO  AppiumManager:131 - Launch time is set to 10000
2020-08-13 15:56:14 INFO  AppiumManager:133 - App wait is set to 10000
2020-08-13 15:56:14 INFO  AppiumManager:135 - APP wait Activity is  com.amazon.mShop.sso.SigninPromptActivity
2020-08-13 15:56:14 INFO  AppiumManager:49 - Android Capabilities Obtained
2020-08-13 15:56:20 INFO  AppiumManager:79 - Android Driver Started
2020-08-13 15:56:41 INFO  AppiumManager:109 - Drivers Stopped
2020-08-13 15:57:53 INFO  AppiumManager:67 - Appium Services Started
2020-08-13 15:57:53 INFO  AppiumManager:118 - Platform Name is android
2020-08-13 15:57:53 INFO  AppiumManager:120 - UDID is 3d70ce67
2020-08-13 15:57:53 INFO  AppiumManager:122 - Device Name is Test Device
2020-08-13 15:57:53 INFO  AppiumManager:124 - No Rest is set totrue
2020-08-13 15:57:53 INFO  AppiumManager:127 - Automation Name is UIAutomator2
2020-08-13 15:57:53 INFO  AppiumManager:131 - Launch time is set to 10000
2020-08-13 15:57:53 INFO  AppiumManager:133 - App wait is set to 10000
2020-08-13 15:57:53 INFO  AppiumManager:135 - APP wait Activity is  com.amazon.mShop.sso.SigninPromptActivity
2020-08-13 15:57:53 INFO  AppiumManager:137 - APP Activity is  com.amazon.mShop.sso.SigninPromptActivity
2020-08-13 15:57:53 INFO  AppiumManager:49 - Android Capabilities Obtained
2020-08-13 15:57:58 INFO  AppiumManager:79 - Android Driver Started
2020-08-13 15:58:19 INFO  AppiumManager:109 - Drivers Stopped
2020-08-13 15:58:31 INFO  AppiumManager:67 - Appium Services Started
2020-08-13 15:58:31 INFO  AppiumManager:118 - Platform Name is android
2020-08-13 15:58:31 INFO  AppiumManager:120 - UDID is 3d70ce67
2020-08-13 15:58:31 INFO  AppiumManager:122 - Device Name is Test Device
2020-08-13 15:58:31 INFO  AppiumManager:124 - No Rest is set totrue
2020-08-13 15:58:31 INFO  AppiumManager:127 - Automation Name is UIAutomator2
2020-08-13 15:58:31 INFO  AppiumManager:131 - Launch time is set to 10000
2020-08-13 15:58:31 INFO  AppiumManager:133 - App wait is set to 10000
2020-08-13 15:58:31 INFO  AppiumManager:137 - APP Activity is  com.amazon.mShop.sso.SigninPromptActivity
2020-08-13 15:58:31 INFO  AppiumManager:49 - Android Capabilities Obtained
2020-08-13 15:58:36 INFO  AppiumManager:79 - Android Driver Started
2020-08-13 15:58:58 INFO  AppiumManager:109 - Drivers Stopped
2020-08-13 16:01:43 INFO  AppiumManager:68 - Appium Services Started
2020-08-13 16:01:43 INFO  AppiumManager:119 - Platform Name is android
2020-08-13 16:01:43 INFO  AppiumManager:121 - UDID is 3d70ce67
2020-08-13 16:01:43 INFO  AppiumManager:123 - Device Name is Test Device
2020-08-13 16:01:43 INFO  AppiumManager:125 - No Rest is set totrue
2020-08-13 16:01:43 INFO  AppiumManager:128 - Automation Name is UIAutomator2
2020-08-13 16:01:43 INFO  AppiumManager:133 - Launch time is set to 10000
2020-08-13 16:01:43 INFO  AppiumManager:135 - App wait is set to 10000
2020-08-13 16:01:43 INFO  AppiumManager:139 - APP Activity is  com.amazon.mShop.sso.SigninPromptActivity
2020-08-13 16:01:43 INFO  AppiumManager:50 - Android Capabilities Obtained
2020-08-13 16:01:50 ERROR AppiumManager:90 - Server Not Started
org.openqa.selenium.SessionNotCreatedException: Unable to create a new remote session. Please check the server log for more details. Original error: An unknown server-side error occurred while processing the command. Original error: Cannot start the 'com.amazon.mShop.android.shopping' application. Visit https://github.com/appium/appium/blob/master/docs/en/writing-running-appium/android/activity-startup.md for troubleshooting. Original error: Cannot start the 'com.amazon.mShop.android.shopping' application. Visit https://github.com/appium/appium/blob/master/docs/en/writing-running-appium/android/activity-startup.md for troubleshooting. Original error: Activity name '.com.amazon.mShop.sso.SigninPromptActivity' used to start the app doesn't exist or cannot be launched! Make sure it exists and is a launchable activity
Build info: version: '4.0.0-alpha-1', revision: 'd1d3728cae', time: '2019-04-24T13:42:21'
System info: host: 'IN-C02Y21AMJG5J', ip: 'fd01:0:0:0:35b7:9102:d1c3:d0e1%en0', os.name: 'Mac OS X', os.arch: 'x86_64', os.version: '10.15.6', java.version: '1.8.0_212'
Driver info: driver.version: AndroidDriver
remote stacktrace: UnknownError: An unknown server-side error occurred while processing the command. Original error: Cannot start the 'com.amazon.mShop.android.shopping' application. Visit https://github.com/appium/appium/blob/master/docs/en/writing-running-appium/android/activity-startup.md for troubleshooting. Original error: Cannot start the 'com.amazon.mShop.android.shopping' application. Visit https://github.com/appium/appium/blob/master/docs/en/writing-running-appium/android/activity-startup.md for troubleshooting. Original error: Activity name '.com.amazon.mShop.sso.SigninPromptActivity' used to start the app doesn't exist or cannot be launched! Make sure it exists and is a launchable activity
    at getResponseForW3CError (/usr/local/lib/node_modules/appium/node_modules/appium-base-driver/lib/protocol/errors.js:804:9)
    at asyncHandler (/usr/local/lib/node_modules/appium/node_modules/appium-base-driver/lib/protocol/protocol.js:392:37)
Build info: version: '4.0.0-alpha-1', revision: 'd1d3728cae', time: '2019-04-24T13:42:21'
System info: host: 'IN-C02Y21AMJG5J', ip: 'fd01:0:0:0:35b7:9102:d1c3:d0e1%en0', os.name: 'Mac OS X', os.arch: 'x86_64', os.version: '10.15.6', java.version: '1.8.0_212'
Driver info: driver.version: AndroidDriver
	at io.appium.java_client.remote.AppiumCommandExecutor$1.createSession(AppiumCommandExecutor.java:208)
	at io.appium.java_client.remote.AppiumCommandExecutor.createSession(AppiumCommandExecutor.java:217)
	at io.appium.java_client.remote.AppiumCommandExecutor.execute(AppiumCommandExecutor.java:239)
	at org.openqa.selenium.remote.RemoteWebDriver.execute(RemoteWebDriver.java:577)
	at org.openqa.selenium.remote.RemoteWebDriver.startSession(RemoteWebDriver.java:211)
	at io.appium.java_client.AppiumDriver.startSession(AppiumDriver.java:323)
	at org.openqa.selenium.remote.RemoteWebDriver.<init>(RemoteWebDriver.java:131)
	at io.appium.java_client.DefaultGenericMobileDriver.<init>(DefaultGenericMobileDriver.java:37)
	at io.appium.java_client.AppiumDriver.<init>(AppiumDriver.java:86)
	at io.appium.java_client.AppiumDriver.<init>(AppiumDriver.java:96)
	at io.appium.java_client.android.AndroidDriver.<init>(AndroidDriver.java:94)
	at common.AppiumManager.startDriver(AppiumManager.java:79)
	at common.AppiumManager.intializeAppium(AppiumManager.java:165)
	at com.amazon.test.BaseTestClass.startTest(BaseTestClass.java:15)
	at sun.reflect.NativeMethodAccessorImpl.invoke0(Native Method)
	at sun.reflect.NativeMethodAccessorImpl.invoke(NativeMethodAccessorImpl.java:62)
	at sun.reflect.DelegatingMethodAccessorImpl.invoke(DelegatingMethodAccessorImpl.java:43)
	at java.lang.reflect.Method.invoke(Method.java:498)
	at org.testng.internal.MethodInvocationHelper.invokeMethod(MethodInvocationHelper.java:124)
	at org.testng.internal.MethodInvocationHelper.invokeMethodConsideringTimeout(MethodInvocationHelper.java:59)
	at org.testng.internal.Invoker.invokeConfigurationMethod(Invoker.java:451)
	at org.testng.internal.Invoker.invokeConfigurations(Invoker.java:222)
	at org.testng.internal.Invoker.invokeConfigurations(Invoker.java:142)
	at org.testng.SuiteRunner.privateRun(SuiteRunner.java:401)
	at org.testng.SuiteRunner.run(SuiteRunner.java:364)
	at org.testng.SuiteRunnerWorker.runSuite(SuiteRunnerWorker.java:52)
	at org.testng.SuiteRunnerWorker.run(SuiteRunnerWorker.java:84)
	at org.testng.TestNG.runSuitesSequentially(TestNG.java:1187)
	at org.testng.TestNG.runSuitesLocally(TestNG.java:1116)
	at org.testng.TestNG.runSuites(TestNG.java:1028)
	at org.testng.TestNG.run(TestNG.java:996)
	at com.intellij.rt.testng.IDEARemoteTestNG.run(IDEARemoteTestNG.java:66)
	at com.intellij.rt.testng.RemoteTestNGStarter.main(RemoteTestNGStarter.java:110)
Caused by: java.lang.reflect.InvocationTargetException
	at sun.reflect.NativeMethodAccessorImpl.invoke0(Native Method)
	at sun.reflect.NativeMethodAccessorImpl.invoke(NativeMethodAccessorImpl.java:62)
	at sun.reflect.DelegatingMethodAccessorImpl.invoke(DelegatingMethodAccessorImpl.java:43)
	at java.lang.reflect.Method.invoke(Method.java:498)
	at io.appium.java_client.remote.AppiumCommandExecutor$1.createSession(AppiumCommandExecutor.java:186)
	... 32 more
Caused by: org.openqa.selenium.WebDriverException: An unknown server-side error occurred while processing the command. Original error: Cannot start the 'com.amazon.mShop.android.shopping' application. Visit https://github.com/appium/appium/blob/master/docs/en/writing-running-appium/android/activity-startup.md for troubleshooting. Original error: Cannot start the 'com.amazon.mShop.android.shopping' application. Visit https://github.com/appium/appium/blob/master/docs/en/writing-running-appium/android/activity-startup.md for troubleshooting. Original error: Activity name '.com.amazon.mShop.sso.SigninPromptActivity' used to start the app doesn't exist or cannot be launched! Make sure it exists and is a launchable activity
Build info: version: '4.0.0-alpha-1', revision: 'd1d3728cae', time: '2019-04-24T13:42:21'
System info: host: 'IN-C02Y21AMJG5J', ip: 'fd01:0:0:0:35b7:9102:d1c3:d0e1%en0', os.name: 'Mac OS X', os.arch: 'x86_64', os.version: '10.15.6', java.version: '1.8.0_212'
Driver info: driver.version: AndroidDriver
remote stacktrace: UnknownError: An unknown server-side error occurred while processing the command. Original error: Cannot start the 'com.amazon.mShop.android.shopping' application. Visit https://github.com/appium/appium/blob/master/docs/en/writing-running-appium/android/activity-startup.md for troubleshooting. Original error: Cannot start the 'com.amazon.mShop.android.shopping' application. Visit https://github.com/appium/appium/blob/master/docs/en/writing-running-appium/android/activity-startup.md for troubleshooting. Original error: Activity name '.com.amazon.mShop.sso.SigninPromptActivity' used to start the app doesn't exist or cannot be launched! Make sure it exists and is a launchable activity
    at getResponseForW3CError (/usr/local/lib/node_modules/appium/node_modules/appium-base-driver/lib/protocol/errors.js:804:9)
    at asyncHandler (/usr/local/lib/node_modules/appium/node_modules/appium-base-driver/lib/protocol/protocol.js:392:37)
	at sun.reflect.NativeConstructorAccessorImpl.newInstance0(Native Method)
	at sun.reflect.NativeConstructorAccessorImpl.newInstance(NativeConstructorAccessorImpl.java:62)
	at sun.reflect.DelegatingConstructorAccessorImpl.newInstance(DelegatingConstructorAccessorImpl.java:45)
	at java.lang.reflect.Constructor.newInstance(Constructor.java:423)
	at org.openqa.selenium.remote.W3CHandshakeResponse.lambda$errorHandler$0(W3CHandshakeResponse.java:62)
	at org.openqa.selenium.remote.HandshakeResponse.lambda$getResponseFunction$0(HandshakeResponse.java:30)
	at org.openqa.selenium.remote.ProtocolHandshake.lambda$createSession$0(ProtocolHandshake.java:126)
	at java.util.stream.ReferencePipeline$3$1.accept(ReferencePipeline.java:193)
	at java.util.Spliterators$ArraySpliterator.tryAdvance(Spliterators.java:958)
	at java.util.stream.ReferencePipeline.forEachWithCancel(ReferencePipeline.java:126)
	at java.util.stream.AbstractPipeline.copyIntoWithCancel(AbstractPipeline.java:499)
	at java.util.stream.AbstractPipeline.copyInto(AbstractPipeline.java:486)
	at java.util.stream.AbstractPipeline.wrapAndCopyInto(AbstractPipeline.java:472)
	at java.util.stream.FindOps$FindOp.evaluateSequential(FindOps.java:152)
	at java.util.stream.AbstractPipeline.evaluate(AbstractPipeline.java:234)
	at java.util.stream.ReferencePipeline.findFirst(ReferencePipeline.java:464)
	at org.openqa.selenium.remote.ProtocolHandshake.createSession(ProtocolHandshake.java:128)
	... 37 more
2020-08-13 16:01:50 INFO  AppiumManager:110 - Drivers Stopped
2020-08-13 16:07:28 INFO  AppiumManager:68 - Appium Services Started
2020-08-13 16:07:28 INFO  AppiumManager:119 - Platform Name is android
2020-08-13 16:07:28 INFO  AppiumManager:121 - UDID is 9889da35413042564b
2020-08-13 16:07:28 INFO  AppiumManager:123 - Device Name is Test Device
2020-08-13 16:07:28 INFO  AppiumManager:125 - No Rest is set totrue
2020-08-13 16:07:28 INFO  AppiumManager:128 - Automation Name is UIAutomator2
2020-08-13 16:07:28 INFO  AppiumManager:133 - Launch time is set to 10000
2020-08-13 16:07:28 INFO  AppiumManager:135 - App wait is set to 10000
2020-08-13 16:07:28 INFO  AppiumManager:139 - APP Activity is  com.amazon.mShop.sso.SigninPromptActivity
2020-08-13 16:07:28 INFO  AppiumManager:50 - Android Capabilities Obtained
2020-08-13 16:07:53 ERROR AppiumManager:90 - Server Not Started
org.openqa.selenium.SessionNotCreatedException: Unable to create a new remote session. Please check the server log for more details. Original error: An unknown server-side error occurred while processing the command. Original error: Cannot start the 'com.amazon.mShop.android.shopping' application. Visit https://github.com/appium/appium/blob/master/docs/en/writing-running-appium/android/activity-startup.md for troubleshooting. Original error: Cannot start the 'com.amazon.mShop.android.shopping' application. Visit https://github.com/appium/appium/blob/master/docs/en/writing-running-appium/android/activity-startup.md for troubleshooting. Original error: Activity name '.com.amazon.mShop.sso.SigninPromptActivity' used to start the app doesn't exist or cannot be launched! Make sure it exists and is a launchable activity
Build info: version: '4.0.0-alpha-1', revision: 'd1d3728cae', time: '2019-04-24T13:42:21'
System info: host: 'IN-C02Y21AMJG5J', ip: 'fd01:0:0:0:d4c6:9583:d624:a146%en0', os.name: 'Mac OS X', os.arch: 'x86_64', os.version: '10.15.6', java.version: '1.8.0_212'
Driver info: driver.version: AndroidDriver
remote stacktrace: UnknownError: An unknown server-side error occurred while processing the command. Original error: Cannot start the 'com.amazon.mShop.android.shopping' application. Visit https://github.com/appium/appium/blob/master/docs/en/writing-running-appium/android/activity-startup.md for troubleshooting. Original error: Cannot start the 'com.amazon.mShop.android.shopping' application. Visit https://github.com/appium/appium/blob/master/docs/en/writing-running-appium/android/activity-startup.md for troubleshooting. Original error: Activity name '.com.amazon.mShop.sso.SigninPromptActivity' used to start the app doesn't exist or cannot be launched! Make sure it exists and is a launchable activity
    at getResponseForW3CError (/usr/local/lib/node_modules/appium/node_modules/appium-base-driver/lib/protocol/errors.js:804:9)
    at asyncHandler (/usr/local/lib/node_modules/appium/node_modules/appium-base-driver/lib/protocol/protocol.js:392:37)
Build info: version: '4.0.0-alpha-1', revision: 'd1d3728cae', time: '2019-04-24T13:42:21'
System info: host: 'IN-C02Y21AMJG5J', ip: 'fd01:0:0:0:d4c6:9583:d624:a146%en0', os.name: 'Mac OS X', os.arch: 'x86_64', os.version: '10.15.6', java.version: '1.8.0_212'
Driver info: driver.version: AndroidDriver
	at io.appium.java_client.remote.AppiumCommandExecutor$1.createSession(AppiumCommandExecutor.java:208)
	at io.appium.java_client.remote.AppiumCommandExecutor.createSession(AppiumCommandExecutor.java:217)
	at io.appium.java_client.remote.AppiumCommandExecutor.execute(AppiumCommandExecutor.java:239)
	at org.openqa.selenium.remote.RemoteWebDriver.execute(RemoteWebDriver.java:577)
	at org.openqa.selenium.remote.RemoteWebDriver.startSession(RemoteWebDriver.java:211)
	at io.appium.java_client.AppiumDriver.startSession(AppiumDriver.java:323)
	at org.openqa.selenium.remote.RemoteWebDriver.<init>(RemoteWebDriver.java:131)
	at io.appium.java_client.DefaultGenericMobileDriver.<init>(DefaultGenericMobileDriver.java:37)
	at io.appium.java_client.AppiumDriver.<init>(AppiumDriver.java:86)
	at io.appium.java_client.AppiumDriver.<init>(AppiumDriver.java:96)
	at io.appium.java_client.android.AndroidDriver.<init>(AndroidDriver.java:94)
	at common.AppiumManager.startDriver(AppiumManager.java:79)
	at common.AppiumManager.intializeAppium(AppiumManager.java:165)
	at com.amazon.test.BaseTestClass.startTest(BaseTestClass.java:15)
	at sun.reflect.NativeMethodAccessorImpl.invoke0(Native Method)
	at sun.reflect.NativeMethodAccessorImpl.invoke(NativeMethodAccessorImpl.java:62)
	at sun.reflect.DelegatingMethodAccessorImpl.invoke(DelegatingMethodAccessorImpl.java:43)
	at java.lang.reflect.Method.invoke(Method.java:498)
	at org.testng.internal.MethodInvocationHelper.invokeMethod(MethodInvocationHelper.java:124)
	at org.testng.internal.MethodInvocationHelper.invokeMethodConsideringTimeout(MethodInvocationHelper.java:59)
	at org.testng.internal.Invoker.invokeConfigurationMethod(Invoker.java:451)
	at org.testng.internal.Invoker.invokeConfigurations(Invoker.java:222)
	at org.testng.internal.Invoker.invokeConfigurations(Invoker.java:142)
	at org.testng.SuiteRunner.privateRun(SuiteRunner.java:401)
	at org.testng.SuiteRunner.run(SuiteRunner.java:364)
	at org.testng.SuiteRunnerWorker.runSuite(SuiteRunnerWorker.java:52)
	at org.testng.SuiteRunnerWorker.run(SuiteRunnerWorker.java:84)
	at org.testng.TestNG.runSuitesSequentially(TestNG.java:1187)
	at org.testng.TestNG.runSuitesLocally(TestNG.java:1116)
	at org.testng.TestNG.runSuites(TestNG.java:1028)
	at org.testng.TestNG.run(TestNG.java:996)
	at com.intellij.rt.testng.IDEARemoteTestNG.run(IDEARemoteTestNG.java:66)
	at com.intellij.rt.testng.RemoteTestNGStarter.main(RemoteTestNGStarter.java:110)
Caused by: java.lang.reflect.InvocationTargetException
	at sun.reflect.NativeMethodAccessorImpl.invoke0(Native Method)
	at sun.reflect.NativeMethodAccessorImpl.invoke(NativeMethodAccessorImpl.java:62)
	at sun.reflect.DelegatingMethodAccessorImpl.invoke(DelegatingMethodAccessorImpl.java:43)
	at java.lang.reflect.Method.invoke(Method.java:498)
	at io.appium.java_client.remote.AppiumCommandExecutor$1.createSession(AppiumCommandExecutor.java:186)
	... 32 more
Caused by: org.openqa.selenium.WebDriverException: An unknown server-side error occurred while processing the command. Original error: Cannot start the 'com.amazon.mShop.android.shopping' application. Visit https://github.com/appium/appium/blob/master/docs/en/writing-running-appium/android/activity-startup.md for troubleshooting. Original error: Cannot start the 'com.amazon.mShop.android.shopping' application. Visit https://github.com/appium/appium/blob/master/docs/en/writing-running-appium/android/activity-startup.md for troubleshooting. Original error: Activity name '.com.amazon.mShop.sso.SigninPromptActivity' used to start the app doesn't exist or cannot be launched! Make sure it exists and is a launchable activity
Build info: version: '4.0.0-alpha-1', revision: 'd1d3728cae', time: '2019-04-24T13:42:21'
System info: host: 'IN-C02Y21AMJG5J', ip: 'fd01:0:0:0:d4c6:9583:d624:a146%en0', os.name: 'Mac OS X', os.arch: 'x86_64', os.version: '10.15.6', java.version: '1.8.0_212'
Driver info: driver.version: AndroidDriver
remote stacktrace: UnknownError: An unknown server-side error occurred while processing the command. Original error: Cannot start the 'com.amazon.mShop.android.shopping' application. Visit https://github.com/appium/appium/blob/master/docs/en/writing-running-appium/android/activity-startup.md for troubleshooting. Original error: Cannot start the 'com.amazon.mShop.android.shopping' application. Visit https://github.com/appium/appium/blob/master/docs/en/writing-running-appium/android/activity-startup.md for troubleshooting. Original error: Activity name '.com.amazon.mShop.sso.SigninPromptActivity' used to start the app doesn't exist or cannot be launched! Make sure it exists and is a launchable activity
    at getResponseForW3CError (/usr/local/lib/node_modules/appium/node_modules/appium-base-driver/lib/protocol/errors.js:804:9)
    at asyncHandler (/usr/local/lib/node_modules/appium/node_modules/appium-base-driver/lib/protocol/protocol.js:392:37)
	at sun.reflect.NativeConstructorAccessorImpl.newInstance0(Native Method)
	at sun.reflect.NativeConstructorAccessorImpl.newInstance(NativeConstructorAccessorImpl.java:62)
	at sun.reflect.DelegatingConstructorAccessorImpl.newInstance(DelegatingConstructorAccessorImpl.java:45)
	at java.lang.reflect.Constructor.newInstance(Constructor.java:423)
	at org.openqa.selenium.remote.W3CHandshakeResponse.lambda$errorHandler$0(W3CHandshakeResponse.java:62)
	at org.openqa.selenium.remote.HandshakeResponse.lambda$getResponseFunction$0(HandshakeResponse.java:30)
	at org.openqa.selenium.remote.ProtocolHandshake.lambda$createSession$0(ProtocolHandshake.java:126)
	at java.util.stream.ReferencePipeline$3$1.accept(ReferencePipeline.java:193)
	at java.util.Spliterators$ArraySpliterator.tryAdvance(Spliterators.java:958)
	at java.util.stream.ReferencePipeline.forEachWithCancel(ReferencePipeline.java:126)
	at java.util.stream.AbstractPipeline.copyIntoWithCancel(AbstractPipeline.java:499)
	at java.util.stream.AbstractPipeline.copyInto(AbstractPipeline.java:486)
	at java.util.stream.AbstractPipeline.wrapAndCopyInto(AbstractPipeline.java:472)
	at java.util.stream.FindOps$FindOp.evaluateSequential(FindOps.java:152)
	at java.util.stream.AbstractPipeline.evaluate(AbstractPipeline.java:234)
	at java.util.stream.ReferencePipeline.findFirst(ReferencePipeline.java:464)
	at org.openqa.selenium.remote.ProtocolHandshake.createSession(ProtocolHandshake.java:128)
	... 37 more
2020-08-13 16:07:54 INFO  AppiumManager:110 - Drivers Stopped
2020-08-13 16:08:47 INFO  AppiumManager:68 - Appium Services Started
2020-08-13 16:08:47 INFO  AppiumManager:119 - Platform Name is android
2020-08-13 16:08:47 INFO  AppiumManager:121 - UDID is 9889da35413042564b
2020-08-13 16:08:47 INFO  AppiumManager:123 - Device Name is Test Device
2020-08-13 16:08:47 INFO  AppiumManager:125 - No Rest is set totrue
2020-08-13 16:08:47 INFO  AppiumManager:128 - Automation Name is UIAutomator2
2020-08-13 16:08:47 INFO  AppiumManager:131 - App path is set to /Users/ssri0005/Automation/MobileAutomationFramework/amazon_app_test/src/main/resources/Amazon_shopping.apk
2020-08-13 16:08:47 INFO  AppiumManager:133 - Launch time is set to 10000
2020-08-13 16:08:47 INFO  AppiumManager:135 - App wait is set to 10000
2020-08-13 16:08:47 INFO  AppiumManager:137 - APP wait Activity is  com.amazon.mShop.sso.SigninPromptActivity
2020-08-13 16:08:47 INFO  AppiumManager:50 - Android Capabilities Obtained
2020-08-13 16:09:02 ERROR AppiumManager:90 - Server Not Started
org.openqa.selenium.SessionNotCreatedException: Unable to create a new remote session. Please check the server log for more details. Original error: An unknown server-side error occurred while processing the command. Original error: Error executing adbExec. Original error: 'Command '/Users/ssri0005/Library/Android/sdk/platform-tools/adb -P 5037 -s 9889da35413042564b install -g /Users/ssri0005/Automation/MobileAutomationFramework/amazon_app_test/src/main/resources/Amazon_shopping.apk' exited with code 1'; Stderr: 'adb: failed to install /Users/ssri0005/Automation/MobileAutomationFramework/amazon_app_test/src/main/resources/Amazon_shopping.apk: Failure [INSTALL_FAILED_DUPLICATE_PERMISSION: Package com.amazon.mShop.android.shopping attempting to redeclare permission com.amazon.CONTENT_PROVIDER_ACCESS already owned by in.amazon.mShop.android.shopping]'; Code: '1'
Build info: version: '4.0.0-alpha-1', revision: 'd1d3728cae', time: '2019-04-24T13:42:21'
System info: host: 'IN-C02Y21AMJG5J', ip: 'fd01:0:0:0:d4c6:9583:d624:a146%en0', os.name: 'Mac OS X', os.arch: 'x86_64', os.version: '10.15.6', java.version: '1.8.0_212'
Driver info: driver.version: AndroidDriver
remote stacktrace: UnknownError: An unknown server-side error occurred while processing the command. Original error: Error executing adbExec. Original error: 'Command '/Users/ssri0005/Library/Android/sdk/platform-tools/adb -P 5037 -s 9889da35413042564b install -g /Users/ssri0005/Automation/MobileAutomationFramework/amazon_app_test/src/main/resources/Amazon_shopping.apk' exited with code 1'; Stderr: 'adb: failed to install /Users/ssri0005/Automation/MobileAutomationFramework/amazon_app_test/src/main/resources/Amazon_shopping.apk: Failure [INSTALL_FAILED_DUPLICATE_PERMISSION: Package com.amazon.mShop.android.shopping attempting to redeclare permission com.amazon.CONTENT_PROVIDER_ACCESS already owned by in.amazon.mShop.android.shopping]'; Code: '1'
    at getResponseForW3CError (/usr/local/lib/node_modules/appium/node_modules/appium-base-driver/lib/protocol/errors.js:804:9)
    at asyncHandler (/usr/local/lib/node_modules/appium/node_modules/appium-base-driver/lib/protocol/protocol.js:392:37)
Build info: version: '4.0.0-alpha-1', revision: 'd1d3728cae', time: '2019-04-24T13:42:21'
System info: host: 'IN-C02Y21AMJG5J', ip: 'fd01:0:0:0:d4c6:9583:d624:a146%en0', os.name: 'Mac OS X', os.arch: 'x86_64', os.version: '10.15.6', java.version: '1.8.0_212'
Driver info: driver.version: AndroidDriver
	at io.appium.java_client.remote.AppiumCommandExecutor$1.createSession(AppiumCommandExecutor.java:208)
	at io.appium.java_client.remote.AppiumCommandExecutor.createSession(AppiumCommandExecutor.java:217)
	at io.appium.java_client.remote.AppiumCommandExecutor.execute(AppiumCommandExecutor.java:239)
	at org.openqa.selenium.remote.RemoteWebDriver.execute(RemoteWebDriver.java:577)
	at org.openqa.selenium.remote.RemoteWebDriver.startSession(RemoteWebDriver.java:211)
	at io.appium.java_client.AppiumDriver.startSession(AppiumDriver.java:323)
	at org.openqa.selenium.remote.RemoteWebDriver.<init>(RemoteWebDriver.java:131)
	at io.appium.java_client.DefaultGenericMobileDriver.<init>(DefaultGenericMobileDriver.java:37)
	at io.appium.java_client.AppiumDriver.<init>(AppiumDriver.java:86)
	at io.appium.java_client.AppiumDriver.<init>(AppiumDriver.java:96)
	at io.appium.java_client.android.AndroidDriver.<init>(AndroidDriver.java:94)
	at common.AppiumManager.startDriver(AppiumManager.java:79)
	at common.AppiumManager.intializeAppium(AppiumManager.java:165)
	at com.amazon.test.BaseTestClass.startTest(BaseTestClass.java:15)
	at sun.reflect.NativeMethodAccessorImpl.invoke0(Native Method)
	at sun.reflect.NativeMethodAccessorImpl.invoke(NativeMethodAccessorImpl.java:62)
	at sun.reflect.DelegatingMethodAccessorImpl.invoke(DelegatingMethodAccessorImpl.java:43)
	at java.lang.reflect.Method.invoke(Method.java:498)
	at org.testng.internal.MethodInvocationHelper.invokeMethod(MethodInvocationHelper.java:124)
	at org.testng.internal.MethodInvocationHelper.invokeMethodConsideringTimeout(MethodInvocationHelper.java:59)
	at org.testng.internal.Invoker.invokeConfigurationMethod(Invoker.java:451)
	at org.testng.internal.Invoker.invokeConfigurations(Invoker.java:222)
	at org.testng.internal.Invoker.invokeConfigurations(Invoker.java:142)
	at org.testng.SuiteRunner.privateRun(SuiteRunner.java:401)
	at org.testng.SuiteRunner.run(SuiteRunner.java:364)
	at org.testng.SuiteRunnerWorker.runSuite(SuiteRunnerWorker.java:52)
	at org.testng.SuiteRunnerWorker.run(SuiteRunnerWorker.java:84)
	at org.testng.TestNG.runSuitesSequentially(TestNG.java:1187)
	at org.testng.TestNG.runSuitesLocally(TestNG.java:1116)
	at org.testng.TestNG.runSuites(TestNG.java:1028)
	at org.testng.TestNG.run(TestNG.java:996)
	at com.intellij.rt.testng.IDEARemoteTestNG.run(IDEARemoteTestNG.java:66)
	at com.intellij.rt.testng.RemoteTestNGStarter.main(RemoteTestNGStarter.java:110)
Caused by: java.lang.reflect.InvocationTargetException
	at sun.reflect.NativeMethodAccessorImpl.invoke0(Native Method)
	at sun.reflect.NativeMethodAccessorImpl.invoke(NativeMethodAccessorImpl.java:62)
	at sun.reflect.DelegatingMethodAccessorImpl.invoke(DelegatingMethodAccessorImpl.java:43)
	at java.lang.reflect.Method.invoke(Method.java:498)
	at io.appium.java_client.remote.AppiumCommandExecutor$1.createSession(AppiumCommandExecutor.java:186)
	... 32 more
Caused by: org.openqa.selenium.WebDriverException: An unknown server-side error occurred while processing the command. Original error: Error executing adbExec. Original error: 'Command '/Users/ssri0005/Library/Android/sdk/platform-tools/adb -P 5037 -s 9889da35413042564b install -g /Users/ssri0005/Automation/MobileAutomationFramework/amazon_app_test/src/main/resources/Amazon_shopping.apk' exited with code 1'; Stderr: 'adb: failed to install /Users/ssri0005/Automation/MobileAutomationFramework/amazon_app_test/src/main/resources/Amazon_shopping.apk: Failure [INSTALL_FAILED_DUPLICATE_PERMISSION: Package com.amazon.mShop.android.shopping attempting to redeclare permission com.amazon.CONTENT_PROVIDER_ACCESS already owned by in.amazon.mShop.android.shopping]'; Code: '1'
Build info: version: '4.0.0-alpha-1', revision: 'd1d3728cae', time: '2019-04-24T13:42:21'
System info: host: 'IN-C02Y21AMJG5J', ip: 'fd01:0:0:0:d4c6:9583:d624:a146%en0', os.name: 'Mac OS X', os.arch: 'x86_64', os.version: '10.15.6', java.version: '1.8.0_212'
Driver info: driver.version: AndroidDriver
remote stacktrace: UnknownError: An unknown server-side error occurred while processing the command. Original error: Error executing adbExec. Original error: 'Command '/Users/ssri0005/Library/Android/sdk/platform-tools/adb -P 5037 -s 9889da35413042564b install -g /Users/ssri0005/Automation/MobileAutomationFramework/amazon_app_test/src/main/resources/Amazon_shopping.apk' exited with code 1'; Stderr: 'adb: failed to install /Users/ssri0005/Automation/MobileAutomationFramework/amazon_app_test/src/main/resources/Amazon_shopping.apk: Failure [INSTALL_FAILED_DUPLICATE_PERMISSION: Package com.amazon.mShop.android.shopping attempting to redeclare permission com.amazon.CONTENT_PROVIDER_ACCESS already owned by in.amazon.mShop.android.shopping]'; Code: '1'
    at getResponseForW3CError (/usr/local/lib/node_modules/appium/node_modules/appium-base-driver/lib/protocol/errors.js:804:9)
    at asyncHandler (/usr/local/lib/node_modules/appium/node_modules/appium-base-driver/lib/protocol/protocol.js:392:37)
	at sun.reflect.NativeConstructorAccessorImpl.newInstance0(Native Method)
	at sun.reflect.NativeConstructorAccessorImpl.newInstance(NativeConstructorAccessorImpl.java:62)
	at sun.reflect.DelegatingConstructorAccessorImpl.newInstance(DelegatingConstructorAccessorImpl.java:45)
	at java.lang.reflect.Constructor.newInstance(Constructor.java:423)
	at org.openqa.selenium.remote.W3CHandshakeResponse.lambda$errorHandler$0(W3CHandshakeResponse.java:62)
	at org.openqa.selenium.remote.HandshakeResponse.lambda$getResponseFunction$0(HandshakeResponse.java:30)
	at org.openqa.selenium.remote.ProtocolHandshake.lambda$createSession$0(ProtocolHandshake.java:126)
	at java.util.stream.ReferencePipeline$3$1.accept(ReferencePipeline.java:193)
	at java.util.Spliterators$ArraySpliterator.tryAdvance(Spliterators.java:958)
	at java.util.stream.ReferencePipeline.forEachWithCancel(ReferencePipeline.java:126)
	at java.util.stream.AbstractPipeline.copyIntoWithCancel(AbstractPipeline.java:499)
	at java.util.stream.AbstractPipeline.copyInto(AbstractPipeline.java:486)
	at java.util.stream.AbstractPipeline.wrapAndCopyInto(AbstractPipeline.java:472)
	at java.util.stream.FindOps$FindOp.evaluateSequential(FindOps.java:152)
	at java.util.stream.AbstractPipeline.evaluate(AbstractPipeline.java:234)
	at java.util.stream.ReferencePipeline.findFirst(ReferencePipeline.java:464)
	at org.openqa.selenium.remote.ProtocolHandshake.createSession(ProtocolHandshake.java:128)
	... 37 more
2020-08-13 16:09:02 INFO  AppiumManager:110 - Drivers Stopped
2020-08-13 16:16:36 INFO  AppiumManager:68 - Appium Services Started
2020-08-13 16:16:36 INFO  AppiumManager:119 - Platform Name is android
2020-08-13 16:16:36 INFO  AppiumManager:121 - UDID is 9889da35413042564b
2020-08-13 16:16:36 INFO  AppiumManager:123 - Device Name is Test Device
2020-08-13 16:16:36 INFO  AppiumManager:125 - No Rest is set totrue
2020-08-13 16:16:36 INFO  AppiumManager:128 - Automation Name is UIAutomator2
2020-08-13 16:16:36 INFO  AppiumManager:131 - App path is set to /Users/ssri0005/Automation/MobileAutomationFramework/amazon_app_test/src/main/resources/Amazon_shopping.apk
2020-08-13 16:16:36 INFO  AppiumManager:133 - Launch time is set to 10000
2020-08-13 16:16:36 INFO  AppiumManager:135 - App wait is set to 10000
2020-08-13 16:16:36 INFO  AppiumManager:137 - APP wait Activity is  com.amazon.mShop.sso.SigninPromptActivity
2020-08-13 16:16:36 INFO  AppiumManager:50 - Android Capabilities Obtained
2020-08-13 16:17:10 INFO  AppiumManager:68 - Appium Services Started
2020-08-13 16:17:10 INFO  AppiumManager:119 - Platform Name is android
2020-08-13 16:17:10 INFO  AppiumManager:121 - UDID is 9889da35413042564b
2020-08-13 16:17:10 INFO  AppiumManager:123 - Device Name is Test Device
2020-08-13 16:17:10 INFO  AppiumManager:125 - No Rest is set totrue
2020-08-13 16:17:10 INFO  AppiumManager:128 - Automation Name is UIAutomator2
2020-08-13 16:17:10 INFO  AppiumManager:131 - App path is set to /Users/ssri0005/Automation/MobileAutomationFramework/amazon_app_test/src/main/resources/Amazon_shopping.apk
2020-08-13 16:17:10 INFO  AppiumManager:133 - Launch time is set to 10000
2020-08-13 16:17:10 INFO  AppiumManager:135 - App wait is set to 10000
2020-08-13 16:17:10 INFO  AppiumManager:137 - APP wait Activity is  com.amazon.mShop.sso.SigninPromptActivity
2020-08-13 16:17:10 INFO  AppiumManager:50 - Android Capabilities Obtained
2020-08-13 16:17:22 INFO  AppiumManager:80 - Android Driver Started
2020-08-13 16:17:37 INFO  AppiumManager:110 - Drivers Stopped
2020-08-13 16:18:22 INFO  AppiumManager:68 - Appium Services Started
2020-08-13 16:18:22 INFO  AppiumManager:119 - Platform Name is android
2020-08-13 16:18:22 INFO  AppiumManager:121 - UDID is 9889da35413042564b
2020-08-13 16:18:22 INFO  AppiumManager:123 - Device Name is Test Device
2020-08-13 16:18:22 INFO  AppiumManager:125 - No Rest is set totrue
2020-08-13 16:18:22 INFO  AppiumManager:128 - Automation Name is UIAutomator2
2020-08-13 16:18:22 INFO  AppiumManager:131 - App path is set to /Users/ssri0005/Automation/MobileAutomationFramework/amazon_app_test/src/main/resources/Amazon_shopping.apk
2020-08-13 16:18:22 INFO  AppiumManager:133 - Launch time is set to 10000
2020-08-13 16:18:22 INFO  AppiumManager:135 - App wait is set to 10000
2020-08-13 16:18:22 INFO  AppiumManager:137 - APP wait Activity is  com.amazon.mShop.sso.SigninPromptActivity
2020-08-13 16:18:22 INFO  AppiumManager:50 - Android Capabilities Obtained
2020-08-13 16:18:34 INFO  AppiumManager:80 - Android Driver Started
2020-08-13 16:18:41 INFO  AppiumManager:110 - Drivers Stopped
2020-08-13 16:19:01 INFO  AppiumManager:68 - Appium Services Started
2020-08-13 16:19:01 INFO  AppiumManager:119 - Platform Name is android
2020-08-13 16:19:01 INFO  AppiumManager:121 - UDID is 9889da35413042564b
2020-08-13 16:19:01 INFO  AppiumManager:123 - Device Name is Test Device
2020-08-13 16:19:01 INFO  AppiumManager:125 - No Rest is set totrue
2020-08-13 16:19:01 INFO  AppiumManager:128 - Automation Name is UIAutomator2
2020-08-13 16:19:01 INFO  AppiumManager:131 - App path is set to /Users/ssri0005/Automation/MobileAutomationFramework/amazon_app_test/src/main/resources/Amazon_shopping.apk
2020-08-13 16:19:01 INFO  AppiumManager:133 - Launch time is set to 10000
2020-08-13 16:19:01 INFO  AppiumManager:135 - App wait is set to 10000
2020-08-13 16:19:01 INFO  AppiumManager:137 - APP wait Activity is  com.amazon.mShop.sso.SigninPromptActivity
2020-08-13 16:19:01 INFO  AppiumManager:50 - Android Capabilities Obtained
2020-08-13 16:19:13 INFO  AppiumManager:80 - Android Driver Started
2020-08-13 16:19:22 INFO  AppiumManager:110 - Drivers Stopped
2020-08-13 16:19:32 INFO  AppiumManager:68 - Appium Services Started
2020-08-13 16:19:32 INFO  AppiumManager:119 - Platform Name is android
2020-08-13 16:19:32 INFO  AppiumManager:121 - UDID is 9889da35413042564b
2020-08-13 16:19:32 INFO  AppiumManager:123 - Device Name is Test Device
2020-08-13 16:19:32 INFO  AppiumManager:125 - No Rest is set totrue
2020-08-13 16:19:32 INFO  AppiumManager:128 - Automation Name is UIAutomator2
2020-08-13 16:19:32 INFO  AppiumManager:131 - App path is set to /Users/ssri0005/Automation/MobileAutomationFramework/amazon_app_test/src/main/resources/Amazon_shopping.apk
2020-08-13 16:19:32 INFO  AppiumManager:133 - Launch time is set to 10000
2020-08-13 16:19:32 INFO  AppiumManager:135 - App wait is set to 10000
2020-08-13 16:19:32 INFO  AppiumManager:137 - APP wait Activity is  com.amazon.mShop.sso.SigninPromptActivity
2020-08-13 16:19:32 INFO  AppiumManager:50 - Android Capabilities Obtained
2020-08-13 16:19:44 INFO  AppiumManager:80 - Android Driver Started
2020-08-13 16:19:52 INFO  AppiumManager:110 - Drivers Stopped
2020-08-13 16:20:27 INFO  AppiumManager:68 - Appium Services Started
2020-08-13 16:20:27 INFO  AppiumManager:119 - Platform Name is android
2020-08-13 16:20:27 INFO  AppiumManager:121 - UDID is 9889da35413042564b
2020-08-13 16:20:27 INFO  AppiumManager:123 - Device Name is Test Device
2020-08-13 16:20:27 INFO  AppiumManager:125 - No Rest is set totrue
2020-08-13 16:20:27 INFO  AppiumManager:128 - Automation Name is UIAutomator2
2020-08-13 16:20:27 INFO  AppiumManager:131 - App path is set to /Users/ssri0005/Automation/MobileAutomationFramework/amazon_app_test/src/main/resources/Amazon_shopping.apk
2020-08-13 16:20:27 INFO  AppiumManager:133 - Launch time is set to 10000
2020-08-13 16:20:27 INFO  AppiumManager:135 - App wait is set to 10000
2020-08-13 16:20:27 INFO  AppiumManager:137 - APP wait Activity is  com.amazon.mShop.sso.SigninPromptActivity
2020-08-13 16:20:27 INFO  AppiumManager:50 - Android Capabilities Obtained
2020-08-13 16:20:39 INFO  AppiumManager:80 - Android Driver Started
2020-08-13 16:20:54 INFO  LogManager:91 - Sent Keys
2020-08-13 16:21:03 INFO  LogManager:91 - Sent Keys
2020-08-13 16:21:25 INFO  AppiumManager:110 - Drivers Stopped
2020-08-13 16:47:40 INFO  AppiumManager:68 - Appium Services Started
2020-08-13 16:47:40 INFO  AppiumManager:119 - Platform Name is android
2020-08-13 16:47:40 INFO  AppiumManager:121 - UDID is 9889da35413042564b
2020-08-13 16:47:40 INFO  AppiumManager:123 - Device Name is Test Device
2020-08-13 16:47:40 INFO  AppiumManager:125 - No Rest is set totrue
2020-08-13 16:47:40 INFO  AppiumManager:128 - Automation Name is UIAutomator2
2020-08-13 16:47:40 INFO  AppiumManager:131 - App path is set to /Users/ssri0005/Automation/MobileAutomationFramework/amazon_app_test/src/main/resources/Amazon_shopping.apk
2020-08-13 16:47:40 INFO  AppiumManager:133 - Launch time is set to 10000
2020-08-13 16:47:40 INFO  AppiumManager:135 - App wait is set to 10000
2020-08-13 16:47:40 INFO  AppiumManager:137 - APP wait Activity is  com.amazon.mShop.sso.SigninPromptActivity
2020-08-13 16:47:40 INFO  AppiumManager:50 - Android Capabilities Obtained
2020-08-13 16:48:17 ERROR AppiumManager:90 - Server Not Started
org.openqa.selenium.SessionNotCreatedException: Unable to create a new remote session. Please check the server log for more details. Original error: An unknown server-side error occurred while processing the command. Original error: Cannot start the 'com.amazon.mShop.android.shopping' application. Visit https://github.com/appium/appium/blob/master/docs/en/writing-running-appium/android/activity-startup.md for troubleshooting. Original error: 'com.amazon.mShop.sso.SigninPromptActivity' or 'com.amazon.mShop.android.shopping.com.amazon.mShop.sso.SigninPromptActivity' never started. Visit https://github.com/appium/appium/blob/master/docs/en/writing-running-appium/android/activity-startup.md for troubleshooting
Build info: version: '4.0.0-alpha-1', revision: 'd1d3728cae', time: '2019-04-24T13:42:21'
System info: host: 'IN-C02Y21AMJG5J', ip: 'fd01:0:0:0:88cf:5b29:a41f:89f3%en0', os.name: 'Mac OS X', os.arch: 'x86_64', os.version: '10.15.6', java.version: '1.8.0_212'
Driver info: driver.version: AndroidDriver
remote stacktrace: UnknownError: An unknown server-side error occurred while processing the command. Original error: Cannot start the 'com.amazon.mShop.android.shopping' application. Visit https://github.com/appium/appium/blob/master/docs/en/writing-running-appium/android/activity-startup.md for troubleshooting. Original error: 'com.amazon.mShop.sso.SigninPromptActivity' or 'com.amazon.mShop.android.shopping.com.amazon.mShop.sso.SigninPromptActivity' never started. Visit https://github.com/appium/appium/blob/master/docs/en/writing-running-appium/android/activity-startup.md for troubleshooting
    at getResponseForW3CError (/usr/local/lib/node_modules/appium/node_modules/appium-base-driver/lib/protocol/errors.js:804:9)
    at asyncHandler (/usr/local/lib/node_modules/appium/node_modules/appium-base-driver/lib/protocol/protocol.js:392:37)
Build info: version: '4.0.0-alpha-1', revision: 'd1d3728cae', time: '2019-04-24T13:42:21'
System info: host: 'IN-C02Y21AMJG5J', ip: 'fd01:0:0:0:88cf:5b29:a41f:89f3%en0', os.name: 'Mac OS X', os.arch: 'x86_64', os.version: '10.15.6', java.version: '1.8.0_212'
Driver info: driver.version: AndroidDriver
	at io.appium.java_client.remote.AppiumCommandExecutor$1.createSession(AppiumCommandExecutor.java:208)
	at io.appium.java_client.remote.AppiumCommandExecutor.createSession(AppiumCommandExecutor.java:217)
	at io.appium.java_client.remote.AppiumCommandExecutor.execute(AppiumCommandExecutor.java:239)
	at org.openqa.selenium.remote.RemoteWebDriver.execute(RemoteWebDriver.java:577)
	at org.openqa.selenium.remote.RemoteWebDriver.startSession(RemoteWebDriver.java:211)
	at io.appium.java_client.AppiumDriver.startSession(AppiumDriver.java:323)
	at org.openqa.selenium.remote.RemoteWebDriver.<init>(RemoteWebDriver.java:131)
	at io.appium.java_client.DefaultGenericMobileDriver.<init>(DefaultGenericMobileDriver.java:37)
	at io.appium.java_client.AppiumDriver.<init>(AppiumDriver.java:86)
	at io.appium.java_client.AppiumDriver.<init>(AppiumDriver.java:96)
	at io.appium.java_client.android.AndroidDriver.<init>(AndroidDriver.java:94)
	at common.AppiumManager.startDriver(AppiumManager.java:79)
	at common.AppiumManager.intializeAppium(AppiumManager.java:165)
	at com.amazon.test.BaseTestClass.startTest(BaseTestClass.java:15)
	at sun.reflect.NativeMethodAccessorImpl.invoke0(Native Method)
	at sun.reflect.NativeMethodAccessorImpl.invoke(NativeMethodAccessorImpl.java:62)
	at sun.reflect.DelegatingMethodAccessorImpl.invoke(DelegatingMethodAccessorImpl.java:43)
	at java.lang.reflect.Method.invoke(Method.java:498)
	at org.testng.internal.MethodInvocationHelper.invokeMethod(MethodInvocationHelper.java:124)
	at org.testng.internal.MethodInvocationHelper.invokeMethodConsideringTimeout(MethodInvocationHelper.java:59)
	at org.testng.internal.Invoker.invokeConfigurationMethod(Invoker.java:451)
	at org.testng.internal.Invoker.invokeConfigurations(Invoker.java:222)
	at org.testng.internal.Invoker.invokeConfigurations(Invoker.java:142)
	at org.testng.SuiteRunner.privateRun(SuiteRunner.java:401)
	at org.testng.SuiteRunner.run(SuiteRunner.java:364)
	at org.testng.SuiteRunnerWorker.runSuite(SuiteRunnerWorker.java:52)
	at org.testng.SuiteRunnerWorker.run(SuiteRunnerWorker.java:84)
	at org.testng.TestNG.runSuitesSequentially(TestNG.java:1187)
	at org.testng.TestNG.runSuitesLocally(TestNG.java:1116)
	at org.testng.TestNG.runSuites(TestNG.java:1028)
	at org.testng.TestNG.run(TestNG.java:996)
	at com.intellij.rt.testng.IDEARemoteTestNG.run(IDEARemoteTestNG.java:66)
	at com.intellij.rt.testng.RemoteTestNGStarter.main(RemoteTestNGStarter.java:110)
Caused by: java.lang.reflect.InvocationTargetException
	at sun.reflect.NativeMethodAccessorImpl.invoke0(Native Method)
	at sun.reflect.NativeMethodAccessorImpl.invoke(NativeMethodAccessorImpl.java:62)
	at sun.reflect.DelegatingMethodAccessorImpl.invoke(DelegatingMethodAccessorImpl.java:43)
	at java.lang.reflect.Method.invoke(Method.java:498)
	at io.appium.java_client.remote.AppiumCommandExecutor$1.createSession(AppiumCommandExecutor.java:186)
	... 32 more
Caused by: org.openqa.selenium.WebDriverException: An unknown server-side error occurred while processing the command. Original error: Cannot start the 'com.amazon.mShop.android.shopping' application. Visit https://github.com/appium/appium/blob/master/docs/en/writing-running-appium/android/activity-startup.md for troubleshooting. Original error: 'com.amazon.mShop.sso.SigninPromptActivity' or 'com.amazon.mShop.android.shopping.com.amazon.mShop.sso.SigninPromptActivity' never started. Visit https://github.com/appium/appium/blob/master/docs/en/writing-running-appium/android/activity-startup.md for troubleshooting
Build info: version: '4.0.0-alpha-1', revision: 'd1d3728cae', time: '2019-04-24T13:42:21'
System info: host: 'IN-C02Y21AMJG5J', ip: 'fd01:0:0:0:88cf:5b29:a41f:89f3%en0', os.name: 'Mac OS X', os.arch: 'x86_64', os.version: '10.15.6', java.version: '1.8.0_212'
Driver info: driver.version: AndroidDriver
remote stacktrace: UnknownError: An unknown server-side error occurred while processing the command. Original error: Cannot start the 'com.amazon.mShop.android.shopping' application. Visit https://github.com/appium/appium/blob/master/docs/en/writing-running-appium/android/activity-startup.md for troubleshooting. Original error: 'com.amazon.mShop.sso.SigninPromptActivity' or 'com.amazon.mShop.android.shopping.com.amazon.mShop.sso.SigninPromptActivity' never started. Visit https://github.com/appium/appium/blob/master/docs/en/writing-running-appium/android/activity-startup.md for troubleshooting
    at getResponseForW3CError (/usr/local/lib/node_modules/appium/node_modules/appium-base-driver/lib/protocol/errors.js:804:9)
    at asyncHandler (/usr/local/lib/node_modules/appium/node_modules/appium-base-driver/lib/protocol/protocol.js:392:37)
	at sun.reflect.NativeConstructorAccessorImpl.newInstance0(Native Method)
	at sun.reflect.NativeConstructorAccessorImpl.newInstance(NativeConstructorAccessorImpl.java:62)
	at sun.reflect.DelegatingConstructorAccessorImpl.newInstance(DelegatingConstructorAccessorImpl.java:45)
	at java.lang.reflect.Constructor.newInstance(Constructor.java:423)
	at org.openqa.selenium.remote.W3CHandshakeResponse.lambda$errorHandler$0(W3CHandshakeResponse.java:62)
	at org.openqa.selenium.remote.HandshakeResponse.lambda$getResponseFunction$0(HandshakeResponse.java:30)
	at org.openqa.selenium.remote.ProtocolHandshake.lambda$createSession$0(ProtocolHandshake.java:126)
	at java.util.stream.ReferencePipeline$3$1.accept(ReferencePipeline.java:193)
	at java.util.Spliterators$ArraySpliterator.tryAdvance(Spliterators.java:958)
	at java.util.stream.ReferencePipeline.forEachWithCancel(ReferencePipeline.java:126)
	at java.util.stream.AbstractPipeline.copyIntoWithCancel(AbstractPipeline.java:499)
	at java.util.stream.AbstractPipeline.copyInto(AbstractPipeline.java:486)
	at java.util.stream.AbstractPipeline.wrapAndCopyInto(AbstractPipeline.java:472)
	at java.util.stream.FindOps$FindOp.evaluateSequential(FindOps.java:152)
	at java.util.stream.AbstractPipeline.evaluate(AbstractPipeline.java:234)
	at java.util.stream.ReferencePipeline.findFirst(ReferencePipeline.java:464)
	at org.openqa.selenium.remote.ProtocolHandshake.createSession(ProtocolHandshake.java:128)
	... 37 more
2020-08-13 16:48:17 INFO  AppiumManager:110 - Drivers Stopped
2020-08-13 16:48:37 INFO  AppiumManager:68 - Appium Services Started
2020-08-13 16:48:37 INFO  AppiumManager:119 - Platform Name is android
2020-08-13 16:48:37 INFO  AppiumManager:121 - UDID is 9889da35413042564b
2020-08-13 16:48:37 INFO  AppiumManager:123 - Device Name is Test Device
2020-08-13 16:48:37 INFO  AppiumManager:125 - No Rest is set totrue
2020-08-13 16:48:37 INFO  AppiumManager:128 - Automation Name is UIAutomator2
2020-08-13 16:48:37 INFO  AppiumManager:131 - App path is set to /Users/ssri0005/Automation/MobileAutomationFramework/amazon_app_test/src/main/resources/Amazon_shopping.apk
2020-08-13 16:48:37 INFO  AppiumManager:133 - Launch time is set to 10000
2020-08-13 16:48:37 INFO  AppiumManager:135 - App wait is set to 10000
2020-08-13 16:48:37 INFO  AppiumManager:137 - APP wait Activity is  com.amazon.mShop.sso.SigninPromptActivity
2020-08-13 16:48:37 INFO  AppiumManager:50 - Android Capabilities Obtained
2020-08-13 16:50:43 INFO  AppiumManager:68 - Appium Services Started
2020-08-13 16:50:43 INFO  AppiumManager:119 - Platform Name is android
2020-08-13 16:50:43 INFO  AppiumManager:121 - UDID is 9889da35413042564b
2020-08-13 16:50:43 INFO  AppiumManager:123 - Device Name is Test Device
2020-08-13 16:50:43 INFO  AppiumManager:125 - No Rest is set totrue
2020-08-13 16:50:43 INFO  AppiumManager:128 - Automation Name is UIAutomator2
2020-08-13 16:50:43 INFO  AppiumManager:131 - App path is set to /Users/ssri0005/Automation/MobileAutomationFramework/amazon_app_test/src/main/resources/Amazon_shopping.apk
2020-08-13 16:50:43 INFO  AppiumManager:133 - Launch time is set to 10000
2020-08-13 16:50:43 INFO  AppiumManager:135 - App wait is set to 10000
2020-08-13 16:50:43 INFO  AppiumManager:137 - APP wait Activity is  com.amazon.mShop.sso.SigninPromptActivity
2020-08-13 16:50:43 INFO  AppiumManager:50 - Android Capabilities Obtained
2020-08-13 16:50:57 INFO  AppiumManager:80 - Android Driver Started
2020-08-13 16:51:10 INFO  AppiumManager:110 - Drivers Stopped
2020-08-13 16:56:22 INFO  AppiumManager:68 - Appium Services Started
2020-08-13 16:56:22 INFO  AppiumManager:119 - Platform Name is android
2020-08-13 16:56:22 INFO  AppiumManager:121 - UDID is 9889da35413042564b
2020-08-13 16:56:22 INFO  AppiumManager:123 - Device Name is Test Device
2020-08-13 16:56:22 INFO  AppiumManager:125 - No Rest is set totrue
2020-08-13 16:56:22 INFO  AppiumManager:128 - Automation Name is UIAutomator2
2020-08-13 16:56:22 INFO  AppiumManager:131 - App path is set to /Users/ssri0005/Automation/MobileAutomationFramework/amazon_app_test/src/main/resources/Amazon_shopping.apk
2020-08-13 16:56:22 INFO  AppiumManager:133 - Launch time is set to 10000
2020-08-13 16:56:22 INFO  AppiumManager:135 - App wait is set to 10000
2020-08-13 16:56:22 INFO  AppiumManager:137 - APP wait Activity is  com.amazon.mShop.sso.SigninPromptActivity
2020-08-13 16:56:22 INFO  AppiumManager:50 - Android Capabilities Obtained
2020-08-13 16:56:49 INFO  AppiumManager:80 - Android Driver Started
2020-08-13 16:57:03 INFO  AppiumManager:110 - Drivers Stopped
2020-08-13 17:02:41 INFO  AppiumManager:68 - Appium Services Started
2020-08-13 17:02:41 INFO  AppiumManager:119 - Platform Name is android
2020-08-13 17:02:41 INFO  AppiumManager:121 - UDID is 9889da35413042564b
2020-08-13 17:02:41 INFO  AppiumManager:123 - Device Name is Test Device
2020-08-13 17:02:41 INFO  AppiumManager:125 - No Rest is set totrue
2020-08-13 17:02:41 INFO  AppiumManager:128 - Automation Name is UIAutomator2
2020-08-13 17:02:41 INFO  AppiumManager:131 - App path is set to /Users/ssri0005/Automation/MobileAutomationFramework/amazon_app_test/src/main/resources/Amazon_shopping.apk
2020-08-13 17:02:41 INFO  AppiumManager:133 - Launch time is set to 10000
2020-08-13 17:02:41 INFO  AppiumManager:135 - App wait is set to 10000
2020-08-13 17:02:41 INFO  AppiumManager:137 - APP wait Activity is  com.amazon.mShop.sso.SigninPromptActivity
2020-08-13 17:02:41 INFO  AppiumManager:50 - Android Capabilities Obtained
2020-08-13 17:03:07 INFO  AppiumManager:80 - Android Driver Started
2020-08-13 17:03:22 INFO  AppiumManager:110 - Drivers Stopped
2020-08-13 17:04:02 INFO  AppiumManager:68 - Appium Services Started
2020-08-13 17:04:02 INFO  AppiumManager:119 - Platform Name is android
2020-08-13 17:04:02 INFO  AppiumManager:121 - UDID is 9889da35413042564b
2020-08-13 17:04:02 INFO  AppiumManager:123 - Device Name is Test Device
2020-08-13 17:04:02 INFO  AppiumManager:125 - No Rest is set totrue
2020-08-13 17:04:02 INFO  AppiumManager:128 - Automation Name is UIAutomator2
2020-08-13 17:04:02 INFO  AppiumManager:131 - App path is set to /Users/ssri0005/Automation/MobileAutomationFramework/amazon_app_test/src/main/resources/Amazon_shopping.apk
2020-08-13 17:04:02 INFO  AppiumManager:133 - Launch time is set to 10000
2020-08-13 17:04:02 INFO  AppiumManager:135 - App wait is set to 10000
2020-08-13 17:04:02 INFO  AppiumManager:137 - APP wait Activity is  com.amazon.mShop.sso.SigninPromptActivity
2020-08-13 17:04:02 INFO  AppiumManager:50 - Android Capabilities Obtained
2020-08-13 17:04:14 INFO  AppiumManager:80 - Android Driver Started
2020-08-13 17:06:31 INFO  AppiumManager:68 - Appium Services Started
2020-08-13 17:06:31 INFO  AppiumManager:119 - Platform Name is android
2020-08-13 17:06:31 INFO  AppiumManager:121 - UDID is 9889da35413042564b
2020-08-13 17:06:31 INFO  AppiumManager:123 - Device Name is Test Device
2020-08-13 17:06:31 INFO  AppiumManager:125 - No Rest is set totrue
2020-08-13 17:06:31 INFO  AppiumManager:128 - Automation Name is UIAutomator2
2020-08-13 17:06:31 INFO  AppiumManager:131 - App path is set to /Users/ssri0005/Automation/MobileAutomationFramework/amazon_app_test/src/main/resources/Amazon_shopping.apk
2020-08-13 17:06:31 INFO  AppiumManager:133 - Launch time is set to 10000
2020-08-13 17:06:31 INFO  AppiumManager:135 - App wait is set to 10000
2020-08-13 17:06:31 INFO  AppiumManager:137 - APP wait Activity is  com.amazon.mShop.sso.SigninPromptActivity
2020-08-13 17:06:31 INFO  AppiumManager:50 - Android Capabilities Obtained
2020-08-13 17:06:44 INFO  AppiumManager:80 - Android Driver Started
2020-08-13 17:10:14 INFO  AppiumManager:68 - Appium Services Started
2020-08-13 17:10:14 INFO  AppiumManager:119 - Platform Name is android
2020-08-13 17:10:14 INFO  AppiumManager:121 - UDID is 9889da35413042564b
2020-08-13 17:10:14 INFO  AppiumManager:123 - Device Name is Test Device
2020-08-13 17:10:14 INFO  AppiumManager:125 - No Rest is set totrue
2020-08-13 17:10:14 INFO  AppiumManager:128 - Automation Name is UIAutomator2
2020-08-13 17:10:14 INFO  AppiumManager:131 - App path is set to /Users/ssri0005/Automation/MobileAutomationFramework/amazon_app_test/src/main/resources/Amazon_shopping.apk
2020-08-13 17:10:14 INFO  AppiumManager:133 - Launch time is set to 10000
2020-08-13 17:10:14 INFO  AppiumManager:135 - App wait is set to 10000
2020-08-13 17:10:14 INFO  AppiumManager:137 - APP wait Activity is  com.amazon.mShop.sso.SigninPromptActivity
2020-08-13 17:10:14 INFO  AppiumManager:50 - Android Capabilities Obtained
2020-08-13 17:10:26 INFO  AppiumManager:80 - Android Driver Started
2020-08-13 17:10:40 INFO  LogManager:190 - Waited forApp pinnerto be invisible but button is seen
2020-08-13 17:10:41 INFO  LogManager:91 - Sent Keys
2020-08-13 17:10:48 INFO  LogManager:91 - Sent Keys
2020-08-13 17:11:06 INFO  LogManager:190 - Waited forApp Sppinerto be invisible but button is seen
2020-08-13 17:11:10 INFO  LogManager:91 - Sent Keys
2020-08-13 17:12:18 INFO  AppiumManager:110 - Drivers Stopped
2020-08-14 22:49:08 INFO  AppiumManager:67 - Appium Services Started
2020-08-14 22:49:08 INFO  AppiumManager:118 - Platform Name is android
2020-08-14 22:49:08 INFO  AppiumManager:120 - UDID is 9889da35413042564b
2020-08-14 22:49:08 INFO  AppiumManager:122 - Device Name is Test Device
2020-08-14 22:49:08 INFO  AppiumManager:124 - No Rest is set totrue
2020-08-14 22:49:08 INFO  AppiumManager:126 - Auto Grant Permission is true
2020-08-14 22:49:08 INFO  AppiumManager:128 - Automation Name is UIAutomator2
2020-08-14 22:49:08 INFO  AppiumManager:130 - App Package is com.amazon.mShop.android.shopping
2020-08-14 22:49:08 INFO  AppiumManager:132 - App path is set to /Users/ssri0005/Automation/MobileAutomationFramework/amazon_app_test/src/main/resources/Amazon_shopping.apk
2020-08-14 22:49:08 INFO  AppiumManager:134 - Launch time is set to null
2020-08-14 22:49:08 INFO  AppiumManager:136 - App wait is set to null
2020-08-14 22:49:08 INFO  AppiumManager:138 - APP wait Activity is  com.amazon.mShop.sso.SigninPromptActivity
2020-08-14 22:49:08 INFO  AppiumManager:49 - Android Capabilities Obtained
2020-08-14 22:49:30 INFO  AppiumManager:79 - Android Driver Started
2020-08-14 22:49:32 INFO  LogManager:71 - Clicked onExisting User
2020-08-14 22:49:42 INFO  LogManager:194 - Waited forApp spinnerto be invisible but button is seen
2020-08-14 22:49:45 INFO  LogManager:91 - Sent Keys
2020-08-14 22:49:48 INFO  LogManager:71 - Clicked onContinue Button
2020-08-14 22:49:52 INFO  LogManager:91 - Sent Keys
2020-08-14 22:49:56 INFO  LogManager:71 - Clicked onlogin button
2020-08-14 22:50:09 INFO  LogManager:194 - Waited forApp Spinnerto be invisible but button is seen
2020-08-14 22:50:10 INFO  LogManager:71 - Clicked onSearch button
2020-08-14 22:50:12 INFO  LogManager:91 - Sent Keys
2020-08-14 22:50:22 INFO  LogManager:71 - Clicked onProduct
2020-08-14 22:51:12 INFO  LogManager:71 - Clicked onadd To CartButton
2020-08-14 22:51:16 INFO  LogManager:71 - Clicked onOpen Cart
2020-08-14 22:51:21 INFO  AppiumManager:109 - Drivers Stopped
2020-08-14 22:55:48 INFO  AppiumManager:67 - Appium Services Started
2020-08-14 22:55:48 INFO  AppiumManager:118 - Platform Name is android
2020-08-14 22:55:48 INFO  AppiumManager:120 - UDID is 9889da35413042564b
2020-08-14 22:55:48 INFO  AppiumManager:122 - Device Name is Test Device
2020-08-14 22:55:48 INFO  AppiumManager:124 - No Rest is set totrue
2020-08-14 22:55:48 INFO  AppiumManager:126 - Auto Grant Permission is true
2020-08-14 22:55:48 INFO  AppiumManager:128 - Automation Name is UIAutomator2
2020-08-14 22:55:48 INFO  AppiumManager:130 - App Package is com.amazon.mShop.android.shopping
2020-08-14 22:55:48 INFO  AppiumManager:132 - App path is set to /Users/ssri0005/Automation/MobileAutomationFramework/amazon_app_test/src/main/resources/Amazon_shopping.apk
2020-08-14 22:55:48 INFO  AppiumManager:134 - Launch time is set to null
2020-08-14 22:55:48 INFO  AppiumManager:136 - App wait is set to null
2020-08-14 22:55:48 INFO  AppiumManager:138 - APP wait Activity is  com.amazon.mShop.sso.SigninPromptActivity
2020-08-14 22:55:48 INFO  AppiumManager:49 - Android Capabilities Obtained
2020-08-14 22:55:59 INFO  AppiumManager:79 - Android Driver Started
2020-08-14 22:56:00 INFO  LogManager:71 - Clicked onExisting User
2020-08-14 22:56:10 INFO  LogManager:193 - Waited forApp spinnerto be invisible but button is seen
2020-08-14 22:56:13 INFO  LogManager:91 - Sent Keys
2020-08-14 22:56:16 INFO  LogManager:71 - Clicked onContinue Button
2020-08-14 22:56:21 INFO  LogManager:91 - Sent Keys
2020-08-14 22:56:25 INFO  LogManager:71 - Clicked onlogin button
2020-08-14 22:56:35 INFO  LogManager:193 - Waited forApp Spinnerto be invisible but button is seen
2020-08-14 22:56:40 INFO  LogManager:71 - Clicked onSearch button
2020-08-14 22:56:42 INFO  LogManager:91 - Sent Keys
2020-08-14 22:56:52 INFO  LogManager:71 - Clicked onProduct
2020-08-14 22:57:07 INFO  LogManager:178 - Waiting for elementPrice button
2020-08-14 22:57:44 INFO  AppiumManager:109 - Drivers Stopped
2020-08-14 22:59:12 INFO  AppiumManager:67 - Appium Services Started
2020-08-14 22:59:12 INFO  AppiumManager:118 - Platform Name is android
2020-08-14 22:59:12 INFO  AppiumManager:120 - UDID is 9889da35413042564b
2020-08-14 22:59:12 INFO  AppiumManager:122 - Device Name is Test Device
2020-08-14 22:59:12 INFO  AppiumManager:124 - No Rest is set totrue
2020-08-14 22:59:12 INFO  AppiumManager:126 - Auto Grant Permission is true
2020-08-14 22:59:12 INFO  AppiumManager:128 - Automation Name is UIAutomator2
2020-08-14 22:59:12 INFO  AppiumManager:130 - App Package is com.amazon.mShop.android.shopping
2020-08-14 22:59:12 INFO  AppiumManager:132 - App path is set to /Users/ssri0005/Automation/MobileAutomationFramework/amazon_app_test/src/main/resources/Amazon_shopping.apk
2020-08-14 22:59:12 INFO  AppiumManager:134 - Launch time is set to null
2020-08-14 22:59:12 INFO  AppiumManager:136 - App wait is set to null
2020-08-14 22:59:12 INFO  AppiumManager:138 - APP wait Activity is  com.amazon.mShop.sso.SigninPromptActivity
2020-08-14 22:59:12 INFO  AppiumManager:49 - Android Capabilities Obtained
2020-08-14 22:59:24 INFO  AppiumManager:79 - Android Driver Started
2020-08-14 22:59:26 INFO  LogManager:71 - Clicked on Existing User
2020-08-14 22:59:36 INFO  LogManager:193 - Waited forApp spinnerto be invisible but button is seen
2020-08-14 22:59:40 INFO  LogManager:91 - Sent Keys to User Name
2020-08-14 22:59:43 INFO  LogManager:71 - Clicked on Continue Button
2020-08-14 22:59:47 INFO  LogManager:91 - Sent Keys to password button
2020-08-14 22:59:50 INFO  LogManager:71 - Clicked on login button
2020-08-14 23:00:01 INFO  LogManager:193 - Waited forApp Spinnerto be invisible but button is seen
2020-08-14 23:00:06 INFO  LogManager:71 - Clicked on Search button
2020-08-14 23:00:07 INFO  LogManager:91 - Sent Keys to Search button
2020-08-14 23:00:18 INFO  LogManager:71 - Clicked on Product
2020-08-14 23:00:30 INFO  LogManager:178 - Waiting for elementPrice button
2020-08-14 23:00:53 INFO  LogManager:71 - Clicked on add To CartButton
2020-08-14 23:00:57 INFO  LogManager:71 - Clicked on Open Cart
2020-08-14 23:01:02 INFO  AppiumManager:109 - Drivers Stopped
2020-08-14 23:11:05 INFO  AppiumManager:67 - Appium Services Started
2020-08-14 23:11:05 INFO  AppiumManager:118 - Platform Name is android
2020-08-14 23:11:05 INFO  AppiumManager:120 - UDID is 9889da35413042564b
2020-08-14 23:11:05 INFO  AppiumManager:122 - Device Name is Test Device
2020-08-14 23:11:05 INFO  AppiumManager:124 - No Rest is set totrue
2020-08-14 23:11:05 INFO  AppiumManager:126 - Auto Grant Permission is true
2020-08-14 23:11:05 INFO  AppiumManager:128 - Automation Name is UIAutomator2
2020-08-14 23:11:05 INFO  AppiumManager:130 - App Package is com.amazon.mShop.android.shopping
2020-08-14 23:11:05 INFO  AppiumManager:132 - App path is set to /Users/ssri0005/Automation/MobileAutomationFramework/amazon_app_test/src/main/resources/Amazon_shopping.apk
2020-08-14 23:11:05 INFO  AppiumManager:134 - Launch time is set to null
2020-08-14 23:11:05 INFO  AppiumManager:136 - App wait is set to null
2020-08-14 23:11:05 INFO  AppiumManager:138 - APP wait Activity is  com.amazon.mShop.sso.SigninPromptActivity
2020-08-14 23:11:05 INFO  AppiumManager:49 - Android Capabilities Obtained
2020-08-14 23:11:17 INFO  AppiumManager:79 - Android Driver Started
2020-08-14 23:11:19 INFO  LogManager:71 - Clicked on Existing User
2020-08-14 23:11:25 INFO  LogManager:91 - Sent Keys to User Name
2020-08-14 23:11:27 INFO  LogManager:71 - Clicked on Continue Button
2020-08-14 23:11:30 INFO  LogManager:91 - Sent Keys to password button
2020-08-14 23:11:33 INFO  LogManager:71 - Clicked on login button
2020-08-14 23:11:45 INFO  AppiumManager:109 - Drivers Stopped
2020-08-14 23:12:36 INFO  AppiumManager:67 - Appium Services Started
2020-08-14 23:12:36 INFO  AppiumManager:118 - Platform Name is android
2020-08-14 23:12:36 INFO  AppiumManager:120 - UDID is 9889da35413042564b
2020-08-14 23:12:36 INFO  AppiumManager:122 - Device Name is Test Device
2020-08-14 23:12:36 INFO  AppiumManager:124 - No Rest is set totrue
2020-08-14 23:12:36 INFO  AppiumManager:126 - Auto Grant Permission is true
2020-08-14 23:12:36 INFO  AppiumManager:128 - Automation Name is UIAutomator2
2020-08-14 23:12:36 INFO  AppiumManager:130 - App Package is com.amazon.mShop.android.shopping
2020-08-14 23:12:36 INFO  AppiumManager:132 - App path is set to /Users/ssri0005/Automation/MobileAutomationFramework/amazon_app_test/src/main/resources/Amazon_shopping.apk
2020-08-14 23:12:36 INFO  AppiumManager:134 - Launch time is set to null
2020-08-14 23:12:36 INFO  AppiumManager:136 - App wait is set to null
2020-08-14 23:12:36 INFO  AppiumManager:138 - APP wait Activity is  com.amazon.mShop.sso.SigninPromptActivity
2020-08-14 23:12:36 INFO  AppiumManager:49 - Android Capabilities Obtained
2020-08-14 23:12:48 INFO  AppiumManager:79 - Android Driver Started
2020-08-14 23:12:50 INFO  LogManager:71 - Clicked on Existing User
2020-08-14 23:12:56 INFO  LogManager:91 - Sent Keys to User Name
2020-08-14 23:12:59 INFO  LogManager:71 - Clicked on Continue Button
2020-08-14 23:13:05 INFO  LogManager:91 - Sent Keys to password button
2020-08-14 23:13:08 INFO  LogManager:71 - Clicked on login button
2020-08-14 23:13:23 INFO  LogManager:71 - Clicked on Search button
2020-08-14 23:13:25 INFO  LogManager:91 - Sent Keys to Search button
2020-08-14 23:13:36 INFO  LogManager:71 - Clicked on Product
2020-08-14 23:13:47 INFO  LogManager:68 - Product Description in Product Page Samsung 163 cm (65 Inches) 4K Ultra HD Smart LED TV UA65RU7100KXXL (Black) (2019 Model)
2020-08-14 23:13:51 INFO  LogManager:178 - Waiting for elementPrice button
2020-08-14 23:13:56 INFO  LogManager:57 - Product Price in Product Page rupees 1,15,900
2020-08-14 23:14:18 INFO  LogManager:71 - Clicked on add To CartButton
2020-08-14 23:14:22 INFO  LogManager:71 - Clicked on Open Cart
2020-08-14 23:14:28 INFO  LogManager:38 - Product Desc in Cart Page Samsung 163 cm (65 Inches) 4K Ultra HD Smart LED TV UA65RU7100KXXL (Black) (2019 Model)
2020-08-14 23:14:33 INFO  LogManager:45 - Product Price in Cart Page 115900
2020-08-14 23:14:33 INFO  AppiumManager:109 - Drivers Stopped
2020-08-14 23:21:19 INFO  AppiumManager:67 - Appium Services Started
2020-08-14 23:21:19 INFO  AppiumManager:118 - Platform Name is android
2020-08-14 23:21:19 INFO  AppiumManager:120 - UDID is 9889da35413042564b
2020-08-14 23:21:19 INFO  AppiumManager:122 - Device Name is Test Device
2020-08-14 23:21:19 INFO  AppiumManager:124 - No Rest is set totrue
2020-08-14 23:21:19 INFO  AppiumManager:126 - Auto Grant Permission is true
2020-08-14 23:21:19 INFO  AppiumManager:128 - Automation Name is UIAutomator2
2020-08-14 23:21:19 INFO  AppiumManager:130 - App Package is com.amazon.mShop.android.shopping
2020-08-14 23:21:19 INFO  AppiumManager:132 - App path is set to /Users/ssri0005/Automation/MobileAutomationFramework/amazon_app_test/src/main/resources/Amazon_shopping.apk
2020-08-14 23:21:19 INFO  AppiumManager:134 - Launch time is set to null
2020-08-14 23:21:19 INFO  AppiumManager:136 - App wait is set to null
2020-08-14 23:21:19 INFO  AppiumManager:138 - APP wait Activity is  com.amazon.mShop.sso.SigninPromptActivity
2020-08-14 23:21:19 INFO  AppiumManager:49 - Android Capabilities Obtained
2020-08-14 23:21:31 INFO  AppiumManager:79 - Android Driver Started
2020-08-14 23:21:33 INFO  Page:71 - Clicked on Existing User
2020-08-14 23:21:39 INFO  Page:91 - Sent Keys to User Name
2020-08-14 23:21:42 INFO  Page:71 - Clicked on Continue Button
2020-08-14 23:21:47 INFO  Page:91 - Sent Keys to password button
2020-08-14 23:21:51 INFO  Page:71 - Clicked on login button
2020-08-14 23:22:00 INFO  Page:178 - Waiting for elementWaiting for Search Button
2020-08-14 23:22:00 INFO  SearchPage:37 - Login Successful 
2020-08-14 23:22:05 INFO  Page:71 - Clicked on Search button
2020-08-14 23:22:07 INFO  Page:91 - Sent Keys to Search button
2020-08-14 23:22:17 INFO  Page:71 - Clicked on Product
2020-08-14 23:22:26 INFO  ProductPage:68 - Product Description in Product Page Samsung 163 cm (65 Inches) 4K Ultra HD Smart LED TV UA65RU7100KXXL (Black) (2019 Model)
2020-08-14 23:22:29 INFO  Page:178 - Waiting for elementPrice button
2020-08-14 23:22:31 INFO  ProductPage:57 - Product Price in Product Page 115900
2020-08-14 23:22:53 INFO  Page:71 - Clicked on add To CartButton
2020-08-14 23:22:57 INFO  Page:71 - Clicked on Open Cart
2020-08-14 23:23:02 INFO  LogManager:38 - Product Desc in Cart Page Samsung 163 cm (65 Inches) 4K Ultra HD Smart LED TV UA65RU7100KXXL (Black) (2019 Model)
2020-08-14 23:23:06 INFO  LogManager:45 - Product Price in Cart Page 115900
2020-08-14 23:23:06 INFO  AppiumManager:109 - Drivers Stopped
2020-08-14 23:27:18 INFO  AppiumManager:66 - Appium Services Started
2020-08-14 23:27:18 INFO  AppiumManager:117 - Platform Name is android
2020-08-14 23:27:18 INFO  AppiumManager:119 - UDID is 9889da35413042564b
2020-08-14 23:27:18 INFO  AppiumManager:121 - Device Name is Test Device
2020-08-14 23:27:18 INFO  AppiumManager:123 - No Rest is set totrue
2020-08-14 23:27:18 INFO  AppiumManager:125 - Auto Grant Permission is true
2020-08-14 23:27:18 INFO  AppiumManager:127 - Automation Name is UIAutomator2
2020-08-14 23:27:18 INFO  AppiumManager:129 - App Package is com.amazon.mShop.android.shopping
2020-08-14 23:27:18 INFO  AppiumManager:131 - App path is set to /Users/ssri0005/Automation/MobileAutomationFramework/amazon_app_test/src/main/resources/Amazon_shopping.apk
2020-08-14 23:27:18 INFO  AppiumManager:133 - Launch time is set to 9999
2020-08-14 23:27:18 INFO  AppiumManager:135 - App wait is set to 9999
2020-08-14 23:27:18 INFO  AppiumManager:137 - APP wait Activity is  com.amazon.mShop.sso.SigninPromptActivity
2020-08-14 23:27:18 INFO  AppiumManager:48 - Android Capabilities Obtained
2020-08-14 23:27:31 INFO  AppiumManager:78 - Android Driver Started
2020-08-14 23:27:33 INFO  Page:71 - Clicked on Existing User
2020-08-14 23:27:39 INFO  Page:91 - Sent Keys to User Name
2020-08-14 23:27:42 INFO  Page:71 - Clicked on Continue Button
2020-08-14 23:27:47 INFO  Page:91 - Sent Keys to password button
2020-08-14 23:27:50 INFO  Page:71 - Clicked on login button
2020-08-14 23:28:04 INFO  Page:178 - Waiting for element Waiting for Search Button
2020-08-14 23:28:04 INFO  SearchPage:37 - Login Successful 
2020-08-14 23:28:05 INFO  Page:71 - Clicked on Search button
2020-08-14 23:28:08 INFO  AppiumManager:108 - Drivers Stopped
2020-08-14 23:29:14 INFO  AppiumManager:66 - Appium Services Started
2020-08-14 23:29:14 INFO  AppiumManager:117 - Platform Name is android
2020-08-14 23:29:14 INFO  AppiumManager:119 - UDID is 9889da35413042564b
2020-08-14 23:29:14 INFO  AppiumManager:121 - Device Name is Test Device
2020-08-14 23:29:14 INFO  AppiumManager:123 - No Rest is set totrue
2020-08-14 23:29:14 INFO  AppiumManager:125 - Auto Grant Permission is true
2020-08-14 23:29:14 INFO  AppiumManager:127 - Automation Name is UIAutomator2
2020-08-14 23:29:14 INFO  AppiumManager:129 - App Package is com.amazon.mShop.android.shopping
2020-08-14 23:29:14 INFO  AppiumManager:131 - App path is set to /Users/ssri0005/Automation/MobileAutomationFramework/amazon_app_test/src/main/resources/Amazon_shopping.apk
2020-08-14 23:29:14 INFO  AppiumManager:133 - Launch time is set to 9999
2020-08-14 23:29:14 INFO  AppiumManager:135 - App wait is set to 9999
2020-08-14 23:29:14 INFO  AppiumManager:137 - APP wait Activity is  com.amazon.mShop.sso.SigninPromptActivity
2020-08-14 23:29:14 INFO  AppiumManager:48 - Android Capabilities Obtained
2020-08-14 23:29:26 INFO  AppiumManager:78 - Android Driver Started
2020-08-14 23:29:28 INFO  Page:71 - Clicked on Existing User
2020-08-14 23:29:33 INFO  Page:91 - Sent Keys to User Name
2020-08-14 23:29:37 INFO  Page:71 - Clicked on Continue Button
2020-08-14 23:29:42 INFO  Page:91 - Sent Keys to password button
2020-08-14 23:29:46 INFO  Page:71 - Clicked on login button
2020-08-14 23:29:56 INFO  Page:178 - Waiting for element Waiting for Search Button
2020-08-14 23:29:56 INFO  SearchPage:37 - Login Successful 
2020-08-14 23:30:01 INFO  Page:71 - Clicked on Search button
2020-08-14 23:30:03 INFO  Page:91 - Sent Keys to Search button
2020-08-14 23:30:14 INFO  Page:71 - Clicked on Product
2020-08-14 23:30:26 INFO  ProductPage:68 - Product Description in Product Page Samsung 163 cm (65 Inches) 4K Ultra HD Smart LED TV UA65RU7100KXXL (Black) (2019 Model)
2020-08-14 23:30:29 INFO  Page:178 - Waiting for element Price button
2020-08-14 23:30:31 INFO  ProductPage:57 - Product Price in Product Page 115900
2020-08-14 23:30:53 INFO  Page:71 - Clicked on add To CartButton
2020-08-14 23:30:58 INFO  Page:71 - Clicked on Open Cart
2020-08-14 23:31:03 INFO  LogManager:38 - Product Desc in Cart Page Samsung 163 cm (65 Inches) 4K Ultra HD Smart LED TV UA65RU7100KXXL (Black) (2019 Model)
2020-08-14 23:31:06 INFO  LogManager:45 - Product Price in Cart Page 115900
2020-08-14 23:31:06 INFO  AppiumManager:108 - Drivers Stopped
